TN:
SF:/Users/gionagranata/WebstormProjects/prassi-app-commissioning/src/constants.js
FNF:0
FNH:0
LF:0
LH:0
BRF:0
BRH:0
end_of_record
TN:
SF:/Users/gionagranata/WebstormProjects/prassi-app-commissioning/src-pwa/custom-service-worker.js
FNF:0
FNH:0
LF:0
LH:0
BRF:0
BRH:0
end_of_record
TN:
SF:/Users/gionagranata/WebstormProjects/prassi-app-commissioning/src-pwa/register-service-worker.js
FN:9,(anonymous_0)
FN:14,(anonymous_1)
FN:20,(anonymous_2)
FN:25,(anonymous_3)
FN:29,(anonymous_4)
FNF:5
FNH:0
FNDA:0,(anonymous_0)
FNDA:0,(anonymous_1)
FNDA:0,(anonymous_2)
FNDA:0,(anonymous_3)
FNDA:0,(anonymous_4)
DA:8,0
DA:11,0
DA:17,0
DA:23,0
DA:27,0
DA:31,0
LF:6
LH:0
BRF:0
BRH:0
end_of_record
TN:
SF:/Users/gionagranata/WebstormProjects/prassi-app-commissioning/src/boot/axios.js
FN:3,(anonymous_0)
FNF:1
FNH:0
FNDA:0,(anonymous_0)
DA:4,0
LF:1
LH:0
BRF:0
BRH:0
end_of_record
TN:
SF:/Users/gionagranata/WebstormProjects/prassi-app-commissioning/src/boot/env.js
FN:3,(anonymous_0)
FNF:1
FNH:0
FNDA:0,(anonymous_0)
DA:4,0
LF:1
LH:0
BRF:0
BRH:0
end_of_record
TN:
SF:/Users/gionagranata/WebstormProjects/prassi-app-commissioning/src/boot/i18n.js
FN:6,(anonymous_0)
FNF:1
FNH:0
FNDA:0,(anonymous_0)
DA:7,0
DA:10,0
LF:2
LH:0
BRF:0
BRH:0
end_of_record
TN:
SF:/Users/gionagranata/WebstormProjects/prassi-app-commissioning/src/boot/utils.js
FN:11,(anonymous_0)
FN:13,(anonymous_1)
FN:17,(anonymous_2)
FN:21,(anonymous_3)
FN:25,(anonymous_4)
FN:30,(anonymous_5)
FN:35,(anonymous_6)
FN:39,(anonymous_7)
FN:47,(anonymous_8)
FN:72,(anonymous_9)
FN:112,(anonymous_10)
FN:115,(anonymous_11)
FN:123,(anonymous_12)
FN:147,(anonymous_13)
FN:176,(anonymous_14)
FN:187,(anonymous_15)
FN:194,(anonymous_16)
FN:202,(anonymous_17)
FN:218,(anonymous_18)
FN:249,(anonymous_19)
FN:264,(anonymous_20)
FN:279,(anonymous_21)
FN:303,(anonymous_22)
FN:357,(anonymous_23)
FN:365,(anonymous_24)
FN:372,(anonymous_25)
FN:376,(anonymous_26)
FN:408,(anonymous_27)
FN:443,(anonymous_28)
FN:477,(anonymous_29)
FN:487,(anonymous_30)
FN:495,(anonymous_31)
FN:503,(anonymous_32)
FN:511,(anonymous_33)
FN:521,(anonymous_34)
FN:532,(anonymous_35)
FN:559,(anonymous_36)
FN:572,(anonymous_37)
FN:581,(anonymous_38)
FN:590,(anonymous_39)
FN:602,(anonymous_40)
FN:611,(anonymous_41)
FN:673,(anonymous_42)
FNF:43
FNH:0
FNDA:0,(anonymous_0)
FNDA:0,(anonymous_1)
FNDA:0,(anonymous_2)
FNDA:0,(anonymous_3)
FNDA:0,(anonymous_4)
FNDA:0,(anonymous_5)
FNDA:0,(anonymous_6)
FNDA:0,(anonymous_7)
FNDA:0,(anonymous_8)
FNDA:0,(anonymous_9)
FNDA:0,(anonymous_10)
FNDA:0,(anonymous_11)
FNDA:0,(anonymous_12)
FNDA:0,(anonymous_13)
FNDA:0,(anonymous_14)
FNDA:0,(anonymous_15)
FNDA:0,(anonymous_16)
FNDA:0,(anonymous_17)
FNDA:0,(anonymous_18)
FNDA:0,(anonymous_19)
FNDA:0,(anonymous_20)
FNDA:0,(anonymous_21)
FNDA:0,(anonymous_22)
FNDA:0,(anonymous_23)
FNDA:0,(anonymous_24)
FNDA:0,(anonymous_25)
FNDA:0,(anonymous_26)
FNDA:0,(anonymous_27)
FNDA:0,(anonymous_28)
FNDA:0,(anonymous_29)
FNDA:0,(anonymous_30)
FNDA:0,(anonymous_31)
FNDA:0,(anonymous_32)
FNDA:0,(anonymous_33)
FNDA:0,(anonymous_34)
FNDA:0,(anonymous_35)
FNDA:0,(anonymous_36)
FNDA:0,(anonymous_37)
FNDA:0,(anonymous_38)
FNDA:0,(anonymous_39)
FNDA:0,(anonymous_40)
FNDA:0,(anonymous_41)
FNDA:0,(anonymous_42)
DA:14,0
DA:18,0
DA:22,0
DA:26,0
DA:31,0
DA:35,0
DA:36,0
DA:37,0
DA:39,0
DA:40,0
DA:48,0
DA:49,0
DA:50,0
DA:55,0
DA:56,0
DA:58,0
DA:60,0
DA:61,0
DA:62,0
DA:63,0
DA:64,0
DA:66,0
DA:67,0
DA:68,0
DA:73,0
DA:74,0
DA:75,0
DA:76,0
DA:77,0
DA:82,0
DA:83,0
DA:85,0
DA:87,0
DA:88,0
DA:93,0
DA:94,0
DA:96,0
DA:98,0
DA:99,0
DA:100,0
DA:101,0
DA:103,0
DA:104,0
DA:105,0
DA:112,0
DA:113,0
DA:115,0
DA:116,0
DA:124,0
DA:125,0
DA:126,0
DA:131,0
DA:132,0
DA:134,0
DA:136,0
DA:137,0
DA:138,0
DA:139,0
DA:141,0
DA:142,0
DA:143,0
DA:148,0
DA:149,0
DA:150,0
DA:151,0
DA:152,0
DA:153,0
DA:155,0
DA:157,0
DA:158,0
DA:159,0
DA:161,0
DA:163,0
DA:164,0
DA:165,0
DA:166,0
DA:168,0
DA:169,0
DA:170,0
DA:176,0
DA:178,0
DA:188,0
DA:189,0
DA:190,0
DA:192,0
DA:195,0
DA:196,0
DA:198,0
DA:203,0
DA:205,0
DA:207,0
DA:209,0
DA:211,0
DA:213,0
DA:219,0
DA:221,0
DA:223,0
DA:225,0
DA:227,0
DA:229,0
DA:231,0
DA:233,0
DA:235,0
DA:237,0
DA:239,0
DA:241,0
DA:243,0
DA:245,0
DA:250,0
DA:252,0
DA:254,0
DA:256,0
DA:258,0
DA:260,0
DA:265,0
DA:267,0
DA:269,0
DA:271,0
DA:273,0
DA:275,0
DA:280,0
DA:284,0
DA:288,0
DA:292,0
DA:296,0
DA:298,0
DA:304,0
DA:358,0
DA:366,0
DA:373,0
DA:377,0
DA:389,0
DA:391,0
DA:398,0
DA:404,0
DA:409,0
DA:412,0
DA:415,0
DA:418,0
DA:420,0
DA:421,0
DA:423,0
DA:424,0
DA:425,0
DA:427,0
DA:428,0
DA:429,0
DA:431,0
DA:434,0
DA:438,0
DA:444,0
DA:447,0
DA:450,0
DA:453,0
DA:455,0
DA:456,0
DA:458,0
DA:459,0
DA:460,0
DA:462,0
DA:463,0
DA:464,0
DA:466,0
DA:469,0
DA:473,0
DA:479,0
DA:480,0
DA:482,0
DA:483,0
DA:488,0
DA:489,0
DA:491,0
DA:496,0
DA:497,0
DA:499,0
DA:504,0
DA:505,0
DA:508,0
DA:509,0
DA:511,0
DA:512,0
DA:513,0
DA:517,0
DA:523,0
DA:524,0
DA:526,0
DA:528,0
DA:533,0
DA:534,0
DA:535,0
DA:536,0
DA:537,0
DA:538,0
DA:540,0
DA:542,0
DA:543,0
DA:544,0
DA:545,0
DA:547,0
DA:549,0
DA:550,0
DA:551,0
DA:552,0
DA:554,0
DA:556,0
DA:560,0
DA:561,0
DA:562,0
DA:568,0
DA:569,0
DA:571,0
DA:572,0
DA:574,0
DA:575,0
DA:578,0
DA:582,0
DA:583,0
DA:584,0
DA:585,0
DA:587,0
DA:591,0
DA:592,0
DA:593,0
DA:594,0
DA:599,0
DA:603,0
DA:604,0
DA:605,0
DA:606,0
DA:607,0
DA:612,0
DA:613,0
DA:614,0
DA:615,0
DA:616,0
DA:617,0
DA:619,0
DA:622,0
DA:627,0
DA:630,0
DA:631,0
DA:632,0
DA:634,0
DA:636,0
DA:638,0
DA:639,0
DA:640,0
DA:642,0
DA:644,0
DA:645,0
DA:646,0
DA:648,0
DA:650,0
DA:652,0
DA:653,0
DA:654,0
DA:656,0
DA:658,0
DA:659,0
DA:660,0
DA:662,0
DA:664,0
DA:666,0
DA:669,0
DA:674,0
DA:675,0
DA:676,0
DA:677,0
DA:678,0
DA:679,0
DA:681,0
DA:684,0
DA:688,0
DA:691,0
DA:692,0
DA:693,0
DA:695,0
DA:697,0
DA:699,0
DA:700,0
DA:701,0
DA:703,0
DA:705,0
DA:706,0
DA:707,0
DA:709,0
DA:711,0
DA:713,0
DA:714,0
DA:715,0
DA:717,0
DA:719,0
DA:720,0
DA:721,0
DA:723,0
DA:725,0
DA:727,0
DA:730,0
DA:734,0
DA:735,0
DA:736,0
DA:737,0
LF:302
LH:0
BRDA:36,0,0,0
BRDA:36,0,1,0
BRDA:42,1,0,0
BRDA:42,1,1,0
BRDA:48,2,0,0
BRDA:48,2,1,0
BRDA:48,3,0,0
BRDA:48,3,1,0
BRDA:55,4,0,0
BRDA:55,4,1,0
BRDA:55,5,0,0
BRDA:55,5,1,0
BRDA:62,6,0,0
BRDA:62,6,1,0
BRDA:73,7,0,0
BRDA:73,7,1,0
BRDA:75,8,0,0
BRDA:75,8,1,0
BRDA:75,9,0,0
BRDA:75,9,1,0
BRDA:82,10,0,0
BRDA:82,10,1,0
BRDA:82,11,0,0
BRDA:82,11,1,0
BRDA:93,12,0,0
BRDA:93,12,1,0
BRDA:93,13,0,0
BRDA:93,13,1,0
BRDA:98,14,0,0
BRDA:98,14,1,0
BRDA:113,15,0,0
BRDA:113,15,1,0
BRDA:118,16,0,0
BRDA:118,16,1,0
BRDA:124,17,0,0
BRDA:124,17,1,0
BRDA:124,18,0,0
BRDA:124,18,1,0
BRDA:131,19,0,0
BRDA:131,19,1,0
BRDA:131,20,0,0
BRDA:131,20,1,0
BRDA:138,21,0,0
BRDA:138,21,1,0
BRDA:148,22,0,0
BRDA:148,22,1,0
BRDA:150,23,0,0
BRDA:150,23,1,0
BRDA:150,24,0,0
BRDA:150,24,1,0
BRDA:152,25,0,0
BRDA:152,25,1,0
BRDA:152,26,0,0
BRDA:152,26,1,0
BRDA:158,27,0,0
BRDA:158,27,1,0
BRDA:158,28,0,0
BRDA:158,28,1,0
BRDA:163,29,0,0
BRDA:163,29,1,0
BRDA:189,30,0,0
BRDA:189,30,1,0
BRDA:189,31,0,0
BRDA:189,31,1,0
BRDA:203,32,0,0
BRDA:203,32,1,0
BRDA:203,32,2,0
BRDA:203,32,3,0
BRDA:203,32,4,0
BRDA:219,33,0,0
BRDA:219,33,1,0
BRDA:219,33,2,0
BRDA:219,33,3,0
BRDA:219,33,4,0
BRDA:219,33,5,0
BRDA:219,33,6,0
BRDA:219,33,7,0
BRDA:219,33,8,0
BRDA:219,33,9,0
BRDA:219,33,10,0
BRDA:219,33,11,0
BRDA:219,33,12,0
BRDA:250,34,0,0
BRDA:250,34,1,0
BRDA:250,34,2,0
BRDA:250,34,3,0
BRDA:250,34,4,0
BRDA:265,35,0,0
BRDA:265,35,1,0
BRDA:265,35,2,0
BRDA:265,35,3,0
BRDA:265,35,4,0
BRDA:280,36,0,0
BRDA:280,36,1,0
BRDA:280,36,2,0
BRDA:280,36,3,0
BRDA:280,36,4,0
BRDA:280,36,5,0
BRDA:280,36,6,0
BRDA:280,36,7,0
BRDA:280,36,8,0
BRDA:280,36,9,0
BRDA:280,36,10,0
BRDA:280,36,11,0
BRDA:280,36,12,0
BRDA:359,37,0,0
BRDA:359,37,1,0
BRDA:360,38,0,0
BRDA:360,38,1,0
BRDA:367,39,0,0
BRDA:367,39,1,0
BRDA:368,40,0,0
BRDA:368,40,1,0
BRDA:373,41,0,0
BRDA:373,41,1,0
BRDA:377,42,0,0
BRDA:377,42,1,0
BRDA:379,43,0,0
BRDA:379,43,1,0
BRDA:379,43,2,0
BRDA:379,43,3,0
BRDA:379,43,4,0
BRDA:379,43,5,0
BRDA:379,43,6,0
BRDA:379,43,7,0
BRDA:404,44,0,0
BRDA:404,44,1,0
BRDA:404,44,2,0
BRDA:409,45,0,0
BRDA:409,45,1,0
BRDA:409,45,2,0
BRDA:409,45,3,0
BRDA:421,46,0,0
BRDA:421,46,1,0
BRDA:421,46,2,0
BRDA:444,47,0,0
BRDA:444,47,1,0
BRDA:444,47,2,0
BRDA:444,47,3,0
BRDA:456,48,0,0
BRDA:456,48,1,0
BRDA:456,48,2,0
BRDA:488,49,0,0
BRDA:488,49,1,0
BRDA:496,50,0,0
BRDA:496,50,1,0
BRDA:504,51,0,0
BRDA:504,51,1,0
BRDA:512,52,0,0
BRDA:512,52,1,0
BRDA:535,53,0,0
BRDA:535,53,1,0
BRDA:537,54,0,0
BRDA:537,54,1,0
BRDA:542,55,0,0
BRDA:542,55,1,0
BRDA:544,56,0,0
BRDA:544,56,1,0
BRDA:549,57,0,0
BRDA:549,57,1,0
BRDA:551,58,0,0
BRDA:551,58,1,0
BRDA:560,59,0,0
BRDA:560,59,1,0
BRDA:561,60,0,0
BRDA:561,60,1,0
BRDA:562,61,0,0
BRDA:562,61,1,0
BRDA:563,62,0,0
BRDA:563,62,1,0
BRDA:563,62,2,0
BRDA:563,62,3,0
BRDA:568,63,0,0
BRDA:568,63,1,0
BRDA:568,64,0,0
BRDA:568,64,1,0
BRDA:574,65,0,0
BRDA:574,65,1,0
BRDA:574,66,0,0
BRDA:574,66,1,0
BRDA:582,67,0,0
BRDA:582,67,1,0
BRDA:583,68,0,0
BRDA:583,68,1,0
BRDA:584,69,0,0
BRDA:584,69,1,0
BRDA:584,70,0,0
BRDA:584,70,1,0
BRDA:591,71,0,0
BRDA:591,71,1,0
BRDA:592,72,0,0
BRDA:592,72,1,0
BRDA:593,73,0,0
BRDA:593,73,1,0
BRDA:593,74,0,0
BRDA:593,74,1,0
BRDA:603,75,0,0
BRDA:603,75,1,0
BRDA:627,76,0,0
BRDA:627,76,1,0
BRDA:627,76,2,0
BRDA:627,76,3,0
BRDA:631,77,0,0
BRDA:631,77,1,0
BRDA:631,78,0,0
BRDA:631,78,1,0
BRDA:631,78,2,0
BRDA:638,79,0,0
BRDA:638,79,1,0
BRDA:644,80,0,0
BRDA:644,80,1,0
BRDA:644,81,0,0
BRDA:644,81,1,0
BRDA:644,81,2,0
BRDA:652,82,0,0
BRDA:652,82,1,0
BRDA:658,83,0,0
BRDA:658,83,1,0
BRDA:658,84,0,0
BRDA:658,84,1,0
BRDA:658,84,2,0
BRDA:688,85,0,0
BRDA:688,85,1,0
BRDA:688,85,2,0
BRDA:688,85,3,0
BRDA:692,86,0,0
BRDA:692,86,1,0
BRDA:692,87,0,0
BRDA:692,87,1,0
BRDA:692,87,2,0
BRDA:699,88,0,0
BRDA:699,88,1,0
BRDA:705,89,0,0
BRDA:705,89,1,0
BRDA:705,90,0,0
BRDA:705,90,1,0
BRDA:705,90,2,0
BRDA:713,91,0,0
BRDA:713,91,1,0
BRDA:719,92,0,0
BRDA:719,92,1,0
BRDA:719,93,0,0
BRDA:719,93,1,0
BRDA:719,93,2,0
BRF:244
BRH:0
end_of_record
TN:
SF:/Users/gionagranata/WebstormProjects/prassi-app-commissioning/src/boot/vuelidate.js
FN:3,(anonymous_0)
FNF:1
FNH:0
FNDA:0,(anonymous_0)
DA:4,0
LF:1
LH:0
BRF:0
BRH:0
end_of_record
TN:
SF:/Users/gionagranata/WebstormProjects/prassi-app-commissioning/src/boot/env/env.dev.demo.js
FNF:0
FNH:0
LF:0
LH:0
BRF:0
BRH:0
end_of_record
TN:
SF:/Users/gionagranata/WebstormProjects/prassi-app-commissioning/src/boot/env/env.dev.sheltia.js
FNF:0
FNH:0
LF:0
LH:0
BRF:0
BRH:0
end_of_record
TN:
SF:/Users/gionagranata/WebstormProjects/prassi-app-commissioning/src/boot/env/env.dev.tcw.js
FNF:0
FNH:0
LF:0
LH:0
BRF:0
BRH:0
end_of_record
TN:
SF:/Users/gionagranata/WebstormProjects/prassi-app-commissioning/src/boot/env/env.js
FNF:0
FNH:0
LF:0
LH:0
BRF:0
BRH:0
end_of_record
TN:
SF:/Users/gionagranata/WebstormProjects/prassi-app-commissioning/src/boot/env/env.local.js
FNF:0
FNH:0
LF:0
LH:0
BRF:0
BRH:0
end_of_record
TN:
SF:/Users/gionagranata/WebstormProjects/prassi-app-commissioning/src/boot/env/env.prod.sheltia.js
FNF:0
FNH:0
LF:0
LH:0
BRF:0
BRH:0
end_of_record
TN:
SF:/Users/gionagranata/WebstormProjects/prassi-app-commissioning/src/boot/env/env.prod.tcw.js
FNF:0
FNH:0
LF:0
LH:0
BRF:0
BRH:0
end_of_record
TN:
SF:/Users/gionagranata/WebstormProjects/prassi-app-commissioning/src/boot/env/env.stage.sheltia.js
FNF:0
FNH:0
LF:0
LH:0
BRF:0
BRH:0
end_of_record
TN:
SF:/Users/gionagranata/WebstormProjects/prassi-app-commissioning/src/boot/env/env.stage.tcw.js
FNF:0
FNH:0
LF:0
LH:0
BRF:0
BRH:0
end_of_record
TN:
SF:/Users/gionagranata/WebstormProjects/prassi-app-commissioning/src/components/accounting/prassi-accounting-filter.vue
FN:48,data
FN:59,_default
FN:72,_default
FN:76,_default
FN:80,_default
FN:84,productList
FN:87,(anonymous_12)
FN:101,companyList
FN:104,(anonymous_14)
FN:120,filterInternalSearchContract
FN:124,filter
FN:128,type
FN:133,product
FN:138,company
FNF:14
FNH:0
FNDA:0,data
FNDA:0,_default
FNDA:0,_default
FNDA:0,_default
FNDA:0,_default
FNDA:0,productList
FNDA:0,(anonymous_12)
FNDA:0,companyList
FNDA:0,(anonymous_14)
FNDA:0,filterInternalSearchContract
FNDA:0,filter
FNDA:0,type
FNDA:0,product
FNDA:0,company
DA:44,0
DA:49,0
DA:59,0
DA:72,0
DA:76,0
DA:80,0
DA:85,0
DA:87,0
DA:88,0
DA:94,0
DA:99,0
DA:102,0
DA:104,0
DA:105,0
DA:111,0
DA:116,0
DA:121,0
DA:122,0
DA:125,0
DA:126,0
DA:129,0
DA:130,0
DA:131,0
DA:134,0
DA:135,0
DA:136,0
DA:139,0
DA:140,0
DA:141,0
LF:29
LH:0
BRDA:130,0,0,0
BRDA:130,0,1,0
BRDA:135,1,0,0
BRDA:135,1,1,0
BRDA:140,2,0,0
BRDA:140,2,1,0
BRF:6
BRH:0
end_of_record
TN:
SF:/Users/gionagranata/WebstormProjects/prassi-app-commissioning/src/components/accounting/prassi-accounting-list.vue
FN:37,data
FN:103,_default
FN:111,stopScrolling
FN:115,resumeScrolling
FN:119,forceScrolling
FN:123,loadMore
FN:126,myBody
FNF:7
FNH:2
FNDA:1,data
FNDA:0,_default
FNDA:0,stopScrolling
FNDA:0,resumeScrolling
FNDA:0,forceScrolling
FNDA:0,loadMore
FNDA:3,myBody
DA:30,1
DA:31,1
DA:32,1
DA:38,1
DA:103,0
DA:112,0
DA:113,0
DA:116,0
DA:117,0
DA:120,0
DA:121,0
DA:124,0
DA:127,3
LF:13
LH:5
BRDA:130,0,0,6
BRDA:130,0,1,3
BRDA:169,1,0,0
BRDA:169,1,1,3
BRDA:186,2,0,0
BRDA:186,2,1,3
BRF:6
BRH:4
end_of_record
TN:
SF:/Users/gionagranata/WebstormProjects/prassi-app-commissioning/src/components/accounting/prassi-accounting-overdue-list.vue
FN:37,data
FN:97,_default
FN:105,stopScrolling
FN:109,resumeScrolling
FN:113,forceScrolling
FN:117,loadMore
FN:120,myBody
FNF:7
FNH:0
FNDA:0,data
FNDA:0,_default
FNDA:0,stopScrolling
FNDA:0,resumeScrolling
FNDA:0,forceScrolling
FNDA:0,loadMore
FNDA:0,myBody
DA:30,0
DA:31,0
DA:32,0
DA:38,0
DA:97,0
DA:106,0
DA:107,0
DA:110,0
DA:111,0
DA:114,0
DA:115,0
DA:118,0
DA:121,0
LF:13
LH:0
BRDA:73,0,0,0
BRDA:73,0,1,0
BRDA:158,1,0,0
BRDA:158,1,1,0
BRF:4
BRH:0
end_of_record
TN:
SF:/Users/gionagranata/WebstormProjects/prassi-app-commissioning/src/components/base/prassi-attachment-invoices-list.vue
FN:55,data
FN:102,_default
FN:110,download
FN:113,deleteInvoice
FN:116,loadMore
FN:119,stopScrolling
FN:123,resumeScrolling
FN:129,forceScrolling
FN:133,myBody
FNF:9
FNH:0
FNDA:0,data
FNDA:0,_default
FNDA:0,download
FNDA:0,deleteInvoice
FNDA:0,loadMore
FNDA:0,stopScrolling
FNDA:0,resumeScrolling
FNDA:0,forceScrolling
FNDA:0,myBody
DA:48,0
DA:49,0
DA:50,0
DA:56,0
DA:102,0
DA:111,0
DA:114,0
DA:117,0
DA:120,0
DA:121,0
DA:124,0
DA:125,0
DA:126,0
DA:130,0
DA:131,0
DA:134,0
LF:16
LH:0
BRDA:125,0,0,0
BRDA:125,0,1,0
BRDA:146,1,0,0
BRDA:146,1,1,0
BRDA:164,2,0,0
BRDA:164,2,1,0
BRF:6
BRH:0
end_of_record
TN:
SF:/Users/gionagranata/WebstormProjects/prassi-app-commissioning/src/components/base/prassi-attachment-list.spec.js
FN:18,(anonymous_0)
FN:21,(anonymous_1)
FN:53,(anonymous_2)
FN:54,(anonymous_3)
FN:55,(anonymous_4)
FN:58,(anonymous_5)
FN:61,(anonymous_6)
FN:64,(anonymous_7)
FN:72,(anonymous_8)
FNF:9
FNH:0
FNDA:0,(anonymous_0)
FNDA:0,(anonymous_1)
FNDA:0,(anonymous_2)
FNDA:0,(anonymous_3)
FNDA:0,(anonymous_4)
FNDA:0,(anonymous_5)
FNDA:0,(anonymous_6)
FNDA:0,(anonymous_7)
FNDA:0,(anonymous_8)
DA:6,0
DA:7,0
DA:13,0
DA:16,0
DA:18,0
DA:21,0
DA:22,0
DA:53,0
DA:54,0
DA:55,0
DA:59,0
DA:62,0
DA:65,0
DA:72,0
DA:73,0
LF:15
LH:0
BRF:0
BRH:0
end_of_record
TN:
SF:/Users/gionagranata/WebstormProjects/prassi-app-commissioning/src/components/base/prassi-attachment-list.vue
FN:55,data
FN:76,_default
FN:88,download
FN:91,deleteAttachment
FN:94,loadMore
FN:97,myBody
FNF:6
FNH:0
FNDA:0,data
FNDA:0,_default
FNDA:0,download
FNDA:0,deleteAttachment
FNDA:0,loadMore
FNDA:0,myBody
DA:48,0
DA:49,0
DA:50,0
DA:56,0
DA:76,0
DA:89,0
DA:92,0
DA:95,0
DA:98,0
LF:9
LH:0
BRDA:108,0,0,0
BRDA:108,0,1,0
BRF:2
BRH:0
end_of_record
TN:
SF:/Users/gionagranata/WebstormProjects/prassi-app-commissioning/src/components/base/prassi-body-list.spec.js
FN:10,(anonymous_0)
FN:13,(anonymous_1)
FN:53,(anonymous_2)
FN:54,(anonymous_3)
FN:59,(anonymous_4)
FN:64,(anonymous_5)
FNF:6
FNH:0
FNDA:0,(anonymous_0)
FNDA:0,(anonymous_1)
FNDA:0,(anonymous_2)
FNDA:0,(anonymous_3)
FNDA:0,(anonymous_4)
FNDA:0,(anonymous_5)
DA:6,0
DA:7,0
DA:8,0
DA:10,0
DA:13,0
DA:14,0
DA:54,0
DA:59,0
DA:60,0
DA:61,0
DA:64,0
DA:65,0
DA:66,0
DA:67,0
LF:14
LH:0
BRF:0
BRH:0
end_of_record
TN:
SF:/Users/gionagranata/WebstormProjects/prassi-app-commissioning/src/components/base/prassi-body-list.vue
FN:54,data
FN:115,_default
FN:134,checkedInternal
FN:138,toggleInternal
FNF:4
FNH:0
FNDA:0,data
FNDA:0,_default
FNDA:0,checkedInternal
FNDA:0,toggleInternal
DA:49,1
DA:55,0
DA:115,0
DA:135,0
DA:136,0
DA:139,0
DA:140,0
LF:7
LH:1
BRF:0
BRH:0
end_of_record
TN:
SF:/Users/gionagranata/WebstormProjects/prassi-app-commissioning/src/components/base/prassi-conditional-block.spec.js
FN:8,(anonymous_0)
FN:9,(anonymous_1)
FN:25,(anonymous_2)
FN:26,(anonymous_3)
FN:34,(anonymous_4)
FN:50,(anonymous_5)
FN:51,(anonymous_6)
FN:59,(anonymous_7)
FN:75,(anonymous_8)
FN:76,(anonymous_9)
FNF:10
FNH:0
FNDA:0,(anonymous_0)
FNDA:0,(anonymous_1)
FNDA:0,(anonymous_2)
FNDA:0,(anonymous_3)
FNDA:0,(anonymous_4)
FNDA:0,(anonymous_5)
FNDA:0,(anonymous_6)
FNDA:0,(anonymous_7)
FNDA:0,(anonymous_8)
FNDA:0,(anonymous_9)
DA:5,0
DA:6,0
DA:8,0
DA:9,0
DA:10,0
DA:26,0
DA:30,0
DA:31,0
DA:34,0
DA:35,0
DA:51,0
DA:55,0
DA:56,0
DA:59,0
DA:60,0
DA:76,0
DA:80,0
DA:81,0
LF:18
LH:0
BRF:0
BRH:0
end_of_record
TN:
SF:/Users/gionagranata/WebstormProjects/prassi-app-commissioning/src/components/base/prassi-conditional-block.vue
FNF:0
FNH:0
DA:35,1
LF:1
LH:1
BRF:0
BRH:0
end_of_record
TN:
SF:/Users/gionagranata/WebstormProjects/prassi-app-commissioning/src/components/base/prassi-date-range-block.spec.js
FN:8,(anonymous_0)
FN:11,(anonymous_1)
FN:16,(anonymous_2)
FN:24,(anonymous_3)
FN:25,(anonymous_4)
FN:27,(anonymous_5)
FN:30,(anonymous_6)
FN:33,(anonymous_7)
FN:36,(anonymous_8)
FN:39,(anonymous_9)
FN:42,(anonymous_10)
FN:50,(anonymous_11)
FN:58,(anonymous_12)
FN:62,(anonymous_13)
FN:70,(anonymous_14)
FNF:15
FNH:0
FNDA:0,(anonymous_0)
FNDA:0,(anonymous_1)
FNDA:0,(anonymous_2)
FNDA:0,(anonymous_3)
FNDA:0,(anonymous_4)
FNDA:0,(anonymous_5)
FNDA:0,(anonymous_6)
FNDA:0,(anonymous_7)
FNDA:0,(anonymous_8)
FNDA:0,(anonymous_9)
FNDA:0,(anonymous_10)
FNDA:0,(anonymous_11)
FNDA:0,(anonymous_12)
FNDA:0,(anonymous_13)
FNDA:0,(anonymous_14)
DA:5,0
DA:6,0
DA:8,0
DA:11,0
DA:12,0
DA:16,0
DA:25,0
DA:28,0
DA:31,0
DA:34,0
DA:37,0
DA:40,0
DA:43,0
DA:50,0
DA:51,0
DA:52,0
DA:53,0
DA:54,0
DA:55,0
DA:58,0
DA:59,0
DA:62,0
DA:63,0
DA:64,0
DA:65,0
DA:66,0
DA:67,0
DA:70,0
DA:71,0
DA:72,0
DA:73,0
LF:31
LH:0
BRF:0
BRH:0
end_of_record
TN:
SF:/Users/gionagranata/WebstormProjects/prassi-app-commissioning/src/components/base/prassi-date-range-block.vue
FN:53,data
FN:61,_default
FN:74,filter
FN:78,filterInternalSelected
FN:89,filterInternalYear
FN:93,filterInternalMonth
FN:97,filterInternalQuarter
FN:104,add
FN:116,subtract
FNF:9
FNH:0
FNDA:0,data
FNDA:0,_default
FNDA:0,filter
FNDA:0,filterInternalSelected
FNDA:0,filterInternalYear
FNDA:0,filterInternalMonth
FNDA:0,filterInternalQuarter
FNDA:0,add
FNDA:0,subtract
DA:54,0
DA:61,0
DA:75,0
DA:76,0
DA:79,0
DA:80,0
DA:87,0
DA:90,0
DA:91,0
DA:94,0
DA:95,0
DA:98,0
DA:99,0
DA:105,0
DA:106,0
DA:108,0
DA:117,0
DA:118,0
DA:120,0
LF:19
LH:0
BRF:0
BRH:0
end_of_record
TN:
SF:/Users/gionagranata/WebstormProjects/prassi-app-commissioning/src/components/base/prassi-filter.spec.js
FN:8,(anonymous_0)
FN:9,(anonymous_1)
FN:17,(anonymous_2)
FN:23,(anonymous_3)
FN:25,(anonymous_4)
FN:28,(anonymous_5)
FN:31,(anonymous_6)
FN:34,(anonymous_7)
FNF:8
FNH:0
FNDA:0,(anonymous_0)
FNDA:0,(anonymous_1)
FNDA:0,(anonymous_2)
FNDA:0,(anonymous_3)
FNDA:0,(anonymous_4)
FNDA:0,(anonymous_5)
FNDA:0,(anonymous_6)
FNDA:0,(anonymous_7)
DA:5,0
DA:6,0
DA:8,0
DA:9,0
DA:10,0
DA:12,0
DA:17,0
DA:26,0
DA:29,0
DA:32,0
DA:35,0
DA:41,0
DA:42,0
DA:43,0
DA:44,0
LF:15
LH:0
BRF:0
BRH:0
end_of_record
TN:
SF:/Users/gionagranata/WebstormProjects/prassi-app-commissioning/src/components/base/prassi-filter.vue
FN:59,data
FN:112,_default
FN:118,_default
FN:127,filter
FN:131,filterInternalSelected
FN:135,checked
FN:139,checkedInternal
FNF:7
FNH:0
FNDA:0,data
FNDA:0,_default
FNDA:0,_default
FNDA:0,filter
FNDA:0,filterInternalSelected
FNDA:0,checked
FNDA:0,checkedInternal
DA:60,0
DA:112,0
DA:118,0
DA:128,0
DA:129,0
DA:132,0
DA:133,0
DA:136,0
DA:137,0
DA:140,0
DA:141,0
LF:11
LH:0
BRF:0
BRH:0
end_of_record
TN:
SF:/Users/gionagranata/WebstormProjects/prassi-app-commissioning/src/components/base/prassi-header-block.spec.js
FN:8,(anonymous_0)
FN:9,(anonymous_1)
FN:21,(anonymous_2)
FN:22,(anonymous_3)
FN:24,(anonymous_4)
FN:27,(anonymous_5)
FN:30,(anonymous_6)
FNF:7
FNH:0
FNDA:0,(anonymous_0)
FNDA:0,(anonymous_1)
FNDA:0,(anonymous_2)
FNDA:0,(anonymous_3)
FNDA:0,(anonymous_4)
FNDA:0,(anonymous_5)
FNDA:0,(anonymous_6)
DA:5,0
DA:6,0
DA:8,0
DA:9,0
DA:10,0
DA:22,0
DA:25,0
DA:28,0
DA:31,0
DA:37,0
DA:38,0
DA:39,0
DA:40,0
DA:41,0
LF:14
LH:0
BRF:0
BRH:0
end_of_record
TN:
SF:/Users/gionagranata/WebstormProjects/prassi-app-commissioning/src/components/base/prassi-header-block.vue
FN:57,data
FN:63,animatedValue
FN:68,value
FNF:3
FNH:0
FNDA:0,data
FNDA:0,animatedValue
FNDA:0,value
DA:27,0
DA:58,0
DA:64,0
DA:69,0
LF:4
LH:0
BRF:0
BRH:0
end_of_record
TN:
SF:/Users/gionagranata/WebstormProjects/prassi-app-commissioning/src/components/base/prassi-header-list.spec.js
FN:8,(anonymous_0)
FN:11,(anonymous_1)
FN:51,(anonymous_2)
FN:52,(anonymous_3)
FN:57,(anonymous_4)
FNF:5
FNH:0
FNDA:0,(anonymous_0)
FNDA:0,(anonymous_1)
FNDA:0,(anonymous_2)
FNDA:0,(anonymous_3)
FNDA:0,(anonymous_4)
DA:5,0
DA:6,0
DA:8,0
DA:11,0
DA:12,0
DA:52,0
DA:57,0
DA:58,0
DA:59,0
LF:9
LH:0
BRF:0
BRH:0
end_of_record
TN:
SF:/Users/gionagranata/WebstormProjects/prassi-app-commissioning/src/components/base/prassi-header-list.vue
FN:56,data
FN:100,_default
FN:115,checkedInternal
FNF:3
FNH:0
FNDA:0,data
FNDA:0,_default
FNDA:0,checkedInternal
DA:51,1
DA:57,0
DA:100,0
DA:116,0
DA:117,0
LF:5
LH:1
BRF:0
BRH:0
end_of_record
TN:
SF:/Users/gionagranata/WebstormProjects/prassi-app-commissioning/src/components/base/prassi-header-summary.spec.js
FN:8,(anonymous_0)
FN:11,(anonymous_1)
FN:55,(anonymous_2)
FN:56,(anonymous_3)
FN:61,(anonymous_4)
FNF:5
FNH:0
FNDA:0,(anonymous_0)
FNDA:0,(anonymous_1)
FNDA:0,(anonymous_2)
FNDA:0,(anonymous_3)
FNDA:0,(anonymous_4)
DA:5,0
DA:6,0
DA:8,0
DA:11,0
DA:12,0
DA:56,0
DA:61,0
DA:62,0
DA:63,0
LF:9
LH:0
BRF:0
BRH:0
end_of_record
TN:
SF:/Users/gionagranata/WebstormProjects/prassi-app-commissioning/src/components/base/prassi-header-summary.vue
FN:27,_default
FNF:1
FNH:0
FNDA:0,_default
DA:17,0
DA:27,0
LF:2
LH:0
BRF:0
BRH:0
end_of_record
TN:
SF:/Users/gionagranata/WebstormProjects/prassi-app-commissioning/src/components/base/prassi-log-events.vue
FN:31,data
FN:62,created
FN:78,error
FN:79,isFetching
FN:80,logEvents
FN:81,lastLog
FN:92,loadMore
FN:97,(anonymous_13)
FN:103,myBody
FNF:9
FNH:0
FNDA:0,data
FNDA:0,created
FNDA:0,error
FNDA:0,isFetching
FNDA:0,logEvents
FNDA:0,lastLog
FNDA:0,loadMore
FNDA:0,(anonymous_13)
FNDA:0,myBody
DA:23,0
DA:24,0
DA:25,0
DA:26,0
DA:32,0
DA:63,0
DA:64,0
DA:78,0
DA:79,0
DA:80,0
DA:81,0
DA:93,0
DA:94,0
DA:95,0
DA:97,0
DA:100,0
DA:104,0
LF:17
LH:0
BRDA:94,0,0,0
BRDA:94,0,1,0
BRDA:94,1,0,0
BRDA:94,1,1,0
BRF:4
BRH:0
end_of_record
TN:
SF:/Users/gionagranata/WebstormProjects/prassi-app-commissioning/src/components/base/prassi-navigate.spec.js
FN:12,(anonymous_0)
FN:15,(anonymous_1)
FN:19,(anonymous_2)
FN:20,(anonymous_3)
FN:25,(anonymous_4)
FNF:5
FNH:0
FNDA:0,(anonymous_0)
FNDA:0,(anonymous_1)
FNDA:0,(anonymous_2)
FNDA:0,(anonymous_3)
FNDA:0,(anonymous_4)
DA:7,0
DA:8,0
DA:9,0
DA:10,0
DA:12,0
DA:15,0
DA:16,0
DA:20,0
DA:25,0
DA:26,0
LF:10
LH:0
BRF:0
BRH:0
end_of_record
TN:
SF:/Users/gionagranata/WebstormProjects/prassi-app-commissioning/src/components/base/prassi-round-button.spec.js
FN:8,(anonymous_0)
FN:9,(anonymous_1)
FN:19,(anonymous_2)
FNF:3
FNH:0
FNDA:0,(anonymous_0)
FNDA:0,(anonymous_1)
FNDA:0,(anonymous_2)
DA:5,0
DA:6,0
DA:8,0
DA:9,0
DA:10,0
DA:23,0
LF:6
LH:0
BRF:0
BRH:0
end_of_record
TN:
SF:/Users/gionagranata/WebstormProjects/prassi-app-commissioning/src/components/base/prassi-round-button.vue
FN:44,border
FNF:1
FNH:0
FNDA:0,border
DA:45,0
DA:46,0
LF:2
LH:0
BRDA:45,0,0,0
BRDA:45,0,1,0
BRF:2
BRH:0
end_of_record
TN:
SF:/Users/gionagranata/WebstormProjects/prassi-app-commissioning/src/components/base/prassi-search-filter.spec.js
FN:10,(anonymous_0)
FN:11,(anonymous_1)
FN:19,(anonymous_2)
FN:25,(anonymous_3)
FN:26,(anonymous_4)
FN:28,(anonymous_5)
FN:30,(anonymous_6)
FN:33,(anonymous_7)
FN:36,(anonymous_8)
FNF:9
FNH:0
FNDA:0,(anonymous_0)
FNDA:0,(anonymous_1)
FNDA:0,(anonymous_2)
FNDA:0,(anonymous_3)
FNDA:0,(anonymous_4)
FNDA:0,(anonymous_5)
FNDA:0,(anonymous_6)
FNDA:0,(anonymous_7)
FNDA:0,(anonymous_8)
DA:6,0
DA:7,0
DA:8,0
DA:10,0
DA:11,0
DA:12,0
DA:14,0
DA:19,0
DA:26,0
DA:28,0
DA:31,0
DA:34,0
DA:37,0
DA:43,0
DA:44,0
LF:15
LH:0
BRF:0
BRH:0
end_of_record
TN:
SF:/Users/gionagranata/WebstormProjects/prassi-app-commissioning/src/components/base/prassi-search-filter.vue
FN:23,data
FN:32,_default
FN:42,searchModel
FNF:3
FNH:0
FNDA:0,data
FNDA:0,_default
FNDA:0,searchModel
DA:24,0
DA:32,0
DA:43,0
DA:44,0
LF:4
LH:0
BRF:0
BRH:0
end_of_record
TN:
SF:/Users/gionagranata/WebstormProjects/prassi-app-commissioning/src/components/base/prassi-standard-button.spec.js
FN:8,(anonymous_0)
FN:9,(anonymous_1)
FN:16,(anonymous_2)
FNF:3
FNH:0
FNDA:0,(anonymous_0)
FNDA:0,(anonymous_1)
FNDA:0,(anonymous_2)
DA:5,0
DA:6,0
DA:8,0
DA:9,0
DA:10,0
DA:20,0
LF:6
LH:0
BRF:0
BRH:0
end_of_record
TN:
SF:/Users/gionagranata/WebstormProjects/prassi-app-commissioning/src/components/base/prassi-step-tab.js
FN:9,(anonymous_0)
FN:12,(anonymous_1)
FN:29,(anonymous_2)
FN:35,(anonymous_3)
FNF:4
FNH:0
FNDA:0,(anonymous_0)
FNDA:0,(anonymous_1)
FNDA:0,(anonymous_2)
FNDA:0,(anonymous_3)
DA:10,0
DA:13,0
DA:30,0
DA:31,0
DA:36,0
DA:40,0
LF:6
LH:0
BRDA:17,0,0,0
BRDA:17,0,1,0
BRDA:17,0,2,0
BRDA:20,1,0,0
BRDA:20,1,1,0
BRDA:30,2,0,0
BRDA:30,2,1,0
BRDA:36,3,0,0
BRDA:36,3,1,0
BRDA:49,4,0,0
BRDA:49,4,1,0
BRDA:49,5,0,0
BRDA:49,5,1,0
BRDA:64,6,0,0
BRDA:64,6,1,0
BRF:15
BRH:0
end_of_record
TN:
SF:/Users/gionagranata/WebstormProjects/prassi-app-commissioning/src/components/base/prassi-two-rows-block.spec.js
FN:10,(anonymous_0)
FN:11,(anonymous_1)
FN:25,(anonymous_2)
FNF:3
FNH:0
FNDA:0,(anonymous_0)
FNDA:0,(anonymous_1)
FNDA:0,(anonymous_2)
DA:5,0
DA:6,0
DA:10,0
DA:11,0
DA:12,0
DA:29,0
DA:30,0
LF:7
LH:0
BRF:0
BRH:0
end_of_record
TN:
SF:/Users/gionagranata/WebstormProjects/prassi-app-commissioning/src/components/base/prassi-two-rows-block.vue
FN:29,data
FN:76,mounted
FN:82,checkOverFlow
FN:85,computedMainStyle
FNF:4
FNH:0
FNDA:0,data
FNDA:0,mounted
FNDA:0,checkOverFlow
FNDA:0,computedMainStyle
DA:30,0
DA:77,0
DA:83,0
DA:86,0
DA:87,0
DA:88,0
LF:6
LH:0
BRDA:77,0,0,0
BRDA:77,0,1,0
BRDA:86,1,0,0
BRDA:86,1,1,0
BRDA:87,2,0,0
BRDA:87,2,1,0
BRF:6
BRH:0
end_of_record
TN:
SF:/Users/gionagranata/WebstormProjects/prassi-app-commissioning/src/components/base/prassi-year-range-block.vue
FN:37,data
FN:45,_default
FN:51,filter
FN:55,filterInternalYear
FN:61,add
FN:65,subtract
FNF:6
FNH:0
FNDA:0,data
FNDA:0,_default
FNDA:0,filter
FNDA:0,filterInternalYear
FNDA:0,add
FNDA:0,subtract
DA:38,0
DA:45,0
DA:52,0
DA:53,0
DA:56,0
DA:57,0
DA:62,0
DA:63,0
DA:66,0
DA:67,0
LF:10
LH:0
BRF:0
BRH:0
end_of_record
TN:
SF:/Users/gionagranata/WebstormProjects/prassi-app-commissioning/src/components/base/url-breadcrumbs.vue
FN:15,buildCrumbs
FN:26,(anonymous_2)
FN:42,(anonymous_3)
FNF:3
FNH:0
FNDA:0,buildCrumbs
FNDA:0,(anonymous_2)
FNDA:0,(anonymous_3)
DA:16,0
DA:17,0
DA:20,0
DA:21,0
DA:25,0
DA:26,0
DA:27,0
DA:28,0
DA:42,0
DA:43,0
DA:44,0
DA:46,0
LF:12
LH:0
BRDA:16,0,0,0
BRDA:16,0,1,0
BRDA:20,1,0,0
BRDA:20,1,1,0
BRDA:27,2,0,0
BRDA:27,2,1,0
BRDA:31,3,0,0
BRDA:31,3,1,0
BRDA:43,4,0,0
BRDA:43,4,1,0
BRDA:44,5,0,0
BRDA:44,5,1,0
BRDA:49,6,0,0
BRDA:49,6,1,0
BRF:14
BRH:0
end_of_record
TN:
SF:/Users/gionagranata/WebstormProjects/prassi-app-commissioning/src/components/commissioning/prassi-commissioning-confirm.spec.js
FN:14,(anonymous_0)
FN:17,(anonymous_1)
FN:36,(anonymous_2)
FN:39,(anonymous_3)
FN:40,(anonymous_4)
FN:41,(anonymous_5)
FN:42,(anonymous_6)
FN:43,(anonymous_7)
FN:44,(anonymous_8)
FN:45,(anonymous_9)
FN:46,(anonymous_10)
FN:47,(anonymous_11)
FN:48,(anonymous_12)
FN:51,(anonymous_13)
FN:53,(anonymous_14)
FN:56,(anonymous_15)
FN:59,(anonymous_16)
FN:62,(anonymous_17)
FN:65,(anonymous_18)
FN:82,(anonymous_19)
FN:88,(anonymous_20)
FN:94,(anonymous_21)
FN:97,(anonymous_22)
FN:108,(anonymous_23)
FN:111,(anonymous_24)
FN:112,(anonymous_25)
FN:113,(anonymous_26)
FN:114,(anonymous_27)
FN:115,(anonymous_28)
FN:116,(anonymous_29)
FN:117,(anonymous_30)
FN:118,(anonymous_31)
FN:119,(anonymous_32)
FN:120,(anonymous_33)
FN:123,(anonymous_34)
FN:125,(anonymous_35)
FN:128,(anonymous_36)
FN:131,(anonymous_37)
FN:134,(anonymous_38)
FN:138,(anonymous_39)
FN:155,(anonymous_40)
FNF:41
FNH:0
FNDA:0,(anonymous_0)
FNDA:0,(anonymous_1)
FNDA:0,(anonymous_2)
FNDA:0,(anonymous_3)
FNDA:0,(anonymous_4)
FNDA:0,(anonymous_5)
FNDA:0,(anonymous_6)
FNDA:0,(anonymous_7)
FNDA:0,(anonymous_8)
FNDA:0,(anonymous_9)
FNDA:0,(anonymous_10)
FNDA:0,(anonymous_11)
FNDA:0,(anonymous_12)
FNDA:0,(anonymous_13)
FNDA:0,(anonymous_14)
FNDA:0,(anonymous_15)
FNDA:0,(anonymous_16)
FNDA:0,(anonymous_17)
FNDA:0,(anonymous_18)
FNDA:0,(anonymous_19)
FNDA:0,(anonymous_20)
FNDA:0,(anonymous_21)
FNDA:0,(anonymous_22)
FNDA:0,(anonymous_23)
FNDA:0,(anonymous_24)
FNDA:0,(anonymous_25)
FNDA:0,(anonymous_26)
FNDA:0,(anonymous_27)
FNDA:0,(anonymous_28)
FNDA:0,(anonymous_29)
FNDA:0,(anonymous_30)
FNDA:0,(anonymous_31)
FNDA:0,(anonymous_32)
FNDA:0,(anonymous_33)
FNDA:0,(anonymous_34)
FNDA:0,(anonymous_35)
FNDA:0,(anonymous_36)
FNDA:0,(anonymous_37)
FNDA:0,(anonymous_38)
FNDA:0,(anonymous_39)
FNDA:0,(anonymous_40)
DA:8,0
DA:9,0
DA:10,0
DA:11,0
DA:12,0
DA:14,0
DA:17,0
DA:18,0
DA:51,0
DA:54,0
DA:57,0
DA:60,0
DA:63,0
DA:66,0
DA:82,0
DA:83,0
DA:85,0
DA:88,0
DA:89,0
DA:90,0
DA:94,0
DA:97,0
DA:98,0
DA:123,0
DA:126,0
DA:129,0
DA:132,0
DA:135,0
DA:139,0
DA:155,0
DA:156,0
DA:157,0
LF:32
LH:0
BRF:0
BRH:0
end_of_record
TN:
SF:/Users/gionagranata/WebstormProjects/prassi-app-commissioning/src/components/commissioning/prassi-commissioning-confirm.vue
FN:73,_default
FN:81,submit
FNF:2
FNH:0
FNDA:0,_default
FNDA:0,submit
DA:61,0
DA:73,0
DA:82,0
DA:83,0
LF:4
LH:0
BRF:0
BRH:0
end_of_record
TN:
SF:/Users/gionagranata/WebstormProjects/prassi-app-commissioning/src/components/commissioning/prassi-commissioning-installment-list.spec.js
FN:12,(anonymous_0)
FN:15,(anonymous_1)
FN:93,(anonymous_2)
FN:94,(anonymous_3)
FN:95,(anonymous_4)
FN:98,(anonymous_5)
FN:101,(anonymous_6)
FN:104,(anonymous_7)
FN:107,(anonymous_8)
FN:118,(anonymous_9)
FNF:10
FNH:0
FNDA:0,(anonymous_0)
FNDA:0,(anonymous_1)
FNDA:0,(anonymous_2)
FNDA:0,(anonymous_3)
FNDA:0,(anonymous_4)
FNDA:0,(anonymous_5)
FNDA:0,(anonymous_6)
FNDA:0,(anonymous_7)
FNDA:0,(anonymous_8)
FNDA:0,(anonymous_9)
DA:5,0
DA:6,0
DA:12,0
DA:15,0
DA:16,0
DA:94,0
DA:95,0
DA:99,0
DA:102,0
DA:105,0
DA:108,0
DA:118,0
DA:119,0
DA:120,0
LF:14
LH:0
BRF:0
BRH:0
end_of_record
TN:
SF:/Users/gionagranata/WebstormProjects/prassi-app-commissioning/src/components/commissioning/prassi-commissioning-installment-list.vue
FN:69,data
FN:168,_default
FN:182,handler
FN:189,handler
FN:196,labelTopText
FN:197,(anonymous_6)
FN:198,(anonymous_7)
FN:205,addOrRemoveEvent
FN:208,confirmed
FN:209,(anonymous_10)
FN:211,added
FN:212,(anonymous_12)
FN:214,exceptions
FN:215,(anonymous_14)
FN:217,viewInstallments
FN:231,changedChecked
FN:235,changedFilter
FN:244,searchChange
FN:249,setFilteredInstallments
FN:251,(anonymous_20)
FN:261,(anonymous_21)
FN:265,stopScrolling
FN:269,resumeScrolling
FN:275,forceScrolling
FN:280,loadMore
FN:287,(anonymous_26)
FN:295,myBody
FNF:27
FNH:0
FNDA:0,data
FNDA:0,_default
FNDA:0,handler
FNDA:0,handler
FNDA:0,labelTopText
FNDA:0,(anonymous_6)
FNDA:0,(anonymous_7)
FNDA:0,addOrRemoveEvent
FNDA:0,confirmed
FNDA:0,(anonymous_10)
FNDA:0,added
FNDA:0,(anonymous_12)
FNDA:0,exceptions
FNDA:0,(anonymous_14)
FNDA:0,viewInstallments
FNDA:0,changedChecked
FNDA:0,changedFilter
FNDA:0,searchChange
FNDA:0,setFilteredInstallments
FNDA:0,(anonymous_20)
FNDA:0,(anonymous_21)
FNDA:0,stopScrolling
FNDA:0,resumeScrolling
FNDA:0,forceScrolling
FNDA:0,loadMore
FNDA:0,(anonymous_26)
FNDA:0,myBody
DA:54,0
DA:55,0
DA:56,0
DA:57,0
DA:58,0
DA:70,0
DA:168,0
DA:183,0
DA:184,0
DA:190,0
DA:191,0
DA:197,0
DA:198,0
DA:201,0
DA:206,0
DA:209,0
DA:212,0
DA:215,0
DA:218,0
DA:220,0
DA:222,0
DA:224,0
DA:226,0
DA:232,0
DA:233,0
DA:236,0
DA:237,0
DA:238,0
DA:239,0
DA:241,0
DA:245,0
DA:246,0
DA:247,0
DA:249,0
DA:250,0
DA:251,0
DA:252,0
DA:256,0
DA:258,0
DA:259,0
DA:260,0
DA:261,0
DA:262,0
DA:266,0
DA:267,0
DA:270,0
DA:271,0
DA:272,0
DA:276,0
DA:277,0
DA:281,0
DA:282,0
DA:284,0
DA:285,0
DA:286,0
DA:287,0
DA:288,0
DA:291,0
DA:292,0
DA:296,0
LF:60
LH:0
BRDA:137,0,0,0
BRDA:137,0,1,0
BRDA:137,1,0,0
BRDA:137,1,1,0
BRDA:148,2,0,0
BRDA:148,2,1,0
BRDA:184,3,0,0
BRDA:184,3,1,0
BRDA:206,4,0,0
BRDA:206,4,1,0
BRDA:209,5,0,0
BRDA:209,5,1,0
BRDA:215,6,0,0
BRDA:215,6,1,0
BRDA:219,7,0,0
BRDA:219,7,1,0
BRDA:219,7,2,0
BRDA:219,7,3,0
BRDA:238,8,0,0
BRDA:238,8,1,0
BRDA:250,9,0,0
BRDA:250,9,1,0
BRDA:252,10,0,0
BRDA:252,10,1,0
BRDA:271,11,0,0
BRDA:271,11,1,0
BRDA:284,12,0,0
BRDA:284,12,1,0
BRDA:284,13,0,0
BRDA:284,13,1,0
BRDA:305,14,0,0
BRDA:305,14,1,0
BRDA:306,15,0,0
BRDA:306,15,1,0
BRDA:349,16,0,0
BRDA:349,16,1,0
BRDA:349,17,0,0
BRDA:349,17,1,0
BRDA:362,18,0,0
BRDA:362,18,1,0
BRF:40
BRH:0
end_of_record
TN:
SF:/Users/gionagranata/WebstormProjects/prassi-app-commissioning/src/components/commissioning/prassi-commissioning-list.spec.js
FN:16,(anonymous_0)
FN:19,(anonymous_1)
FN:60,(anonymous_2)
FN:61,(anonymous_3)
FN:62,(anonymous_4)
FN:65,(anonymous_5)
FN:68,(anonymous_6)
FN:71,(anonymous_7)
FN:74,(anonymous_8)
FN:85,(anonymous_9)
FNF:10
FNH:0
FNDA:0,(anonymous_0)
FNDA:0,(anonymous_1)
FNDA:0,(anonymous_2)
FNDA:0,(anonymous_3)
FNDA:0,(anonymous_4)
FNDA:0,(anonymous_5)
FNDA:0,(anonymous_6)
FNDA:0,(anonymous_7)
FNDA:0,(anonymous_8)
FNDA:0,(anonymous_9)
DA:5,0
DA:6,0
DA:12,0
DA:16,0
DA:19,0
DA:20,0
DA:61,0
DA:62,0
DA:66,0
DA:69,0
DA:72,0
DA:75,0
DA:85,0
DA:86,0
DA:87,0
LF:15
LH:0
BRF:0
BRH:0
end_of_record
TN:
SF:/Users/gionagranata/WebstormProjects/prassi-app-commissioning/src/components/commissioning/prassi-commissioning-list.vue
FN:42,data
FN:108,_default
FN:116,myBody
FNF:3
FNH:0
FNDA:0,data
FNDA:0,_default
FNDA:0,myBody
DA:35,0
DA:36,0
DA:37,0
DA:43,0
DA:108,0
DA:117,0
LF:6
LH:0
BRDA:120,0,0,0
BRDA:120,0,1,0
BRF:2
BRH:0
end_of_record
TN:
SF:/Users/gionagranata/WebstormProjects/prassi-app-commissioning/src/components/commissioning/prassi-commissioning-total-balance-list.spec.js
FN:12,(anonymous_0)
FN:15,(anonymous_1)
FN:93,(anonymous_2)
FN:94,(anonymous_3)
FN:95,(anonymous_4)
FN:98,(anonymous_5)
FN:101,(anonymous_6)
FN:104,(anonymous_7)
FN:107,(anonymous_8)
FN:118,(anonymous_9)
FNF:10
FNH:0
FNDA:0,(anonymous_0)
FNDA:0,(anonymous_1)
FNDA:0,(anonymous_2)
FNDA:0,(anonymous_3)
FNDA:0,(anonymous_4)
FNDA:0,(anonymous_5)
FNDA:0,(anonymous_6)
FNDA:0,(anonymous_7)
FNDA:0,(anonymous_8)
FNDA:0,(anonymous_9)
DA:5,0
DA:6,0
DA:12,0
DA:15,0
DA:16,0
DA:94,0
DA:95,0
DA:99,0
DA:102,0
DA:105,0
DA:108,0
DA:118,0
DA:119,0
DA:120,0
LF:14
LH:0
BRF:0
BRH:0
end_of_record
TN:
SF:/Users/gionagranata/WebstormProjects/prassi-app-commissioning/src/components/commissioning/prassi-commissioning-total-balance-list.vue
FN:39,data
FN:78,_default
FN:82,_default
FN:92,handler
FN:97,(anonymous_5)
FN:104,purchases
FN:105,(anonymous_7)
FN:106,(anonymous_8)
FN:109,advances
FN:110,(anonymous_10)
FN:112,incomes
FN:113,(anonymous_12)
FN:115,all
FN:118,viewInstallments
FN:134,myHeader
FN:220,stopScrolling
FN:224,resumeScrolling
FN:230,forceScrolling
FN:235,loadMore
FN:242,(anonymous_20)
FN:250,myBody
FNF:21
FNH:0
FNDA:0,data
FNDA:0,_default
FNDA:0,_default
FNDA:0,handler
FNDA:0,(anonymous_5)
FNDA:0,purchases
FNDA:0,(anonymous_7)
FNDA:0,(anonymous_8)
FNDA:0,advances
FNDA:0,(anonymous_10)
FNDA:0,incomes
FNDA:0,(anonymous_12)
FNDA:0,all
FNDA:0,viewInstallments
FNDA:0,myHeader
FNDA:0,stopScrolling
FNDA:0,resumeScrolling
FNDA:0,forceScrolling
FNDA:0,loadMore
FNDA:0,(anonymous_20)
FNDA:0,myBody
DA:31,0
DA:32,0
DA:33,0
DA:34,0
DA:40,0
DA:78,0
DA:82,0
DA:92,0
DA:93,0
DA:94,0
DA:95,0
DA:96,0
DA:97,0
DA:98,0
DA:105,0
DA:106,0
DA:107,0
DA:110,0
DA:113,0
DA:116,0
DA:119,0
DA:121,0
DA:123,0
DA:125,0
DA:127,0
DA:129,0
DA:131,0
DA:135,0
DA:221,0
DA:222,0
DA:225,0
DA:226,0
DA:227,0
DA:231,0
DA:232,0
DA:236,0
DA:237,0
DA:239,0
DA:240,0
DA:241,0
DA:242,0
DA:243,0
DA:246,0
DA:247,0
DA:251,0
LF:45
LH:0
BRDA:48,0,0,0
BRDA:48,0,1,0
BRDA:58,1,0,0
BRDA:58,1,1,0
BRDA:105,2,0,0
BRDA:105,2,1,0
BRDA:107,3,0,0
BRDA:107,3,1,0
BRDA:120,4,0,0
BRDA:120,4,1,0
BRDA:120,4,2,0
BRDA:120,4,3,0
BRDA:120,4,4,0
BRDA:120,4,5,0
BRDA:135,5,0,0
BRDA:135,5,1,0
BRDA:146,6,0,0
BRDA:146,6,1,0
BRDA:164,7,0,0
BRDA:164,7,1,0
BRDA:174,8,0,0
BRDA:174,8,1,0
BRDA:184,9,0,0
BRDA:184,9,1,0
BRDA:196,10,0,0
BRDA:196,10,1,0
BRDA:194,11,0,0
BRDA:194,11,1,0
BRDA:226,12,0,0
BRDA:226,12,1,0
BRDA:239,13,0,0
BRDA:239,13,1,0
BRDA:239,14,0,0
BRDA:239,14,1,0
BRDA:251,15,0,0
BRDA:251,15,1,0
BRDA:253,16,0,0
BRDA:253,16,1,0
BRDA:265,17,0,0
BRDA:265,17,1,0
BRDA:266,18,0,0
BRDA:266,18,1,0
BRDA:273,19,0,0
BRDA:273,19,1,0
BRDA:296,20,0,0
BRDA:296,20,1,0
BRDA:307,21,0,0
BRDA:307,21,1,0
BRDA:317,22,0,0
BRDA:317,22,1,0
BRDA:329,23,0,0
BRDA:329,23,1,0
BRDA:327,24,0,0
BRDA:327,24,1,0
BRF:54
BRH:0
end_of_record
TN:
SF:/Users/gionagranata/WebstormProjects/prassi-app-commissioning/src/components/commissioning/prassi-commissioning-total-network-list.spec.js
FN:12,(anonymous_0)
FN:15,(anonymous_1)
FN:69,(anonymous_2)
FN:70,(anonymous_3)
FN:71,(anonymous_4)
FN:77,(anonymous_5)
FN:80,(anonymous_6)
FN:83,(anonymous_7)
FN:86,(anonymous_8)
FN:97,(anonymous_9)
FNF:10
FNH:0
FNDA:0,(anonymous_0)
FNDA:0,(anonymous_1)
FNDA:0,(anonymous_2)
FNDA:0,(anonymous_3)
FNDA:0,(anonymous_4)
FNDA:0,(anonymous_5)
FNDA:0,(anonymous_6)
FNDA:0,(anonymous_7)
FNDA:0,(anonymous_8)
FNDA:0,(anonymous_9)
DA:5,0
DA:6,0
DA:12,0
DA:15,0
DA:16,0
DA:70,0
DA:71,0
DA:78,0
DA:81,0
DA:84,0
DA:87,0
DA:97,0
DA:98,0
DA:99,0
LF:14
LH:0
BRF:0
BRH:0
end_of_record
TN:
SF:/Users/gionagranata/WebstormProjects/prassi-app-commissioning/src/components/commissioning/prassi-commissioning-total-network-list.vue
FN:88,data
FN:218,_default
FN:232,handler
FN:240,filterPromoterChange
FN:242,(anonymous_5)
FN:251,resetScrolling
FN:255,(anonymous_7)
FN:259,stopScrolling
FN:263,resumeScrolling
FN:269,forceScrolling
FN:274,loadMore
FN:281,(anonymous_12)
FN:290,myBody
FNF:13
FNH:0
FNDA:0,data
FNDA:0,_default
FNDA:0,handler
FNDA:0,filterPromoterChange
FNDA:0,(anonymous_5)
FNDA:0,resetScrolling
FNDA:0,(anonymous_7)
FNDA:0,stopScrolling
FNDA:0,resumeScrolling
FNDA:0,forceScrolling
FNDA:0,loadMore
FNDA:0,(anonymous_12)
FNDA:0,myBody
DA:71,0
DA:72,0
DA:73,0
DA:74,0
DA:75,0
DA:76,0
DA:89,0
DA:218,0
DA:233,0
DA:234,0
DA:235,0
DA:241,0
DA:242,0
DA:246,0
DA:249,0
DA:251,0
DA:252,0
DA:253,0
DA:254,0
DA:255,0
DA:256,0
DA:260,0
DA:261,0
DA:264,0
DA:265,0
DA:266,0
DA:270,0
DA:271,0
DA:275,0
DA:276,0
DA:278,0
DA:279,0
DA:280,0
DA:281,0
DA:282,0
DA:285,0
DA:286,0
DA:291,0
LF:38
LH:0
BRDA:95,0,0,0
BRDA:95,0,1,0
BRDA:105,1,0,0
BRDA:105,1,1,0
BRDA:115,2,0,0
BRDA:115,2,1,0
BRDA:125,3,0,0
BRDA:125,3,1,0
BRDA:135,4,0,0
BRDA:135,4,1,0
BRDA:145,5,0,0
BRDA:145,5,1,0
BRDA:155,6,0,0
BRDA:155,6,1,0
BRDA:165,7,0,0
BRDA:165,7,1,0
BRDA:175,8,0,0
BRDA:175,8,1,0
BRDA:185,9,0,0
BRDA:185,9,1,0
BRDA:241,10,0,0
BRDA:241,10,1,0
BRDA:265,11,0,0
BRDA:265,11,1,0
BRDA:278,12,0,0
BRDA:278,12,1,0
BRDA:278,13,0,0
BRDA:278,13,1,0
BRDA:292,14,0,0
BRDA:292,14,1,0
BRDA:307,15,0,0
BRDA:307,15,1,0
BRDA:316,16,0,0
BRDA:316,16,1,0
BRDA:305,17,0,0
BRDA:305,17,1,0
BRDA:330,18,0,0
BRDA:330,18,1,0
BRDA:338,19,0,0
BRDA:338,19,1,0
BRDA:328,20,0,0
BRDA:328,20,1,0
BRDA:352,21,0,0
BRDA:352,21,1,0
BRDA:360,22,0,0
BRDA:360,22,1,0
BRDA:350,23,0,0
BRDA:350,23,1,0
BRDA:374,24,0,0
BRDA:374,24,1,0
BRDA:372,25,0,0
BRDA:372,25,1,0
BRDA:393,26,0,0
BRDA:393,26,1,0
BRDA:391,27,0,0
BRDA:391,27,1,0
BRDA:405,28,0,0
BRDA:405,28,1,0
BRDA:410,29,0,0
BRDA:410,29,1,0
BRDA:403,30,0,0
BRDA:403,30,1,0
BRDA:424,31,0,0
BRDA:424,31,1,0
BRDA:429,32,0,0
BRDA:429,32,1,0
BRDA:422,33,0,0
BRDA:422,33,1,0
BRDA:443,34,0,0
BRDA:443,34,1,0
BRDA:446,35,0,0
BRDA:446,35,1,0
BRDA:441,36,0,0
BRDA:441,36,1,0
BRDA:460,37,0,0
BRDA:460,37,1,0
BRDA:463,38,0,0
BRDA:463,38,1,0
BRDA:458,39,0,0
BRDA:458,39,1,0
BRDA:477,40,0,0
BRDA:477,40,1,0
BRDA:480,41,0,0
BRDA:480,41,1,0
BRF:84
BRH:0
end_of_record
TN:
SF:/Users/gionagranata/WebstormProjects/prassi-app-commissioning/src/components/configuration/prassi-configuration-jobs-list.vue
FN:43,updated
FN:46,data
FN:56,sortable
FN:67,sortable
FN:78,sortable
FN:88,_default
FN:96,stopScrolling
FN:100,resumeScrolling
FN:109,forceScrolling
FN:113,loadMore
FN:116,myBody
FNF:11
FNH:0
FNDA:0,updated
FNDA:0,data
FNDA:0,sortable
FNDA:0,sortable
FNDA:0,sortable
FNDA:0,_default
FNDA:0,stopScrolling
FNDA:0,resumeScrolling
FNDA:0,forceScrolling
FNDA:0,loadMore
FNDA:0,myBody
DA:35,0
DA:36,0
DA:37,0
DA:38,0
DA:44,0
DA:46,0
DA:47,0
DA:57,0
DA:68,0
DA:79,0
DA:88,0
DA:97,0
DA:98,0
DA:101,0
DA:102,0
DA:106,0
DA:110,0
DA:111,0
DA:114,0
DA:117,0
LF:20
LH:0
BRDA:102,0,0,0
BRDA:102,0,1,0
BRDA:102,1,0,0
BRDA:102,1,1,0
BRF:4
BRH:0
end_of_record
TN:
SF:/Users/gionagranata/WebstormProjects/prassi-app-commissioning/src/components/configuration/prassi-configuration-management-fee-list.spec.js
FN:8,(anonymous_0)
FN:9,(anonymous_1)
FN:14,(anonymous_2)
FN:17,(anonymous_3)
FN:18,(anonymous_4)
FN:19,(anonymous_5)
FN:20,(anonymous_6)
FN:21,(anonymous_7)
FN:22,(anonymous_8)
FN:23,(anonymous_9)
FN:24,(anonymous_10)
FN:25,(anonymous_11)
FN:26,(anonymous_12)
FN:29,(anonymous_13)
FN:31,(anonymous_14)
FN:34,(anonymous_15)
FN:37,(anonymous_16)
FN:40,(anonymous_17)
FN:43,(anonymous_18)
FNF:19
FNH:0
FNDA:0,(anonymous_0)
FNDA:0,(anonymous_1)
FNDA:0,(anonymous_2)
FNDA:0,(anonymous_3)
FNDA:0,(anonymous_4)
FNDA:0,(anonymous_5)
FNDA:0,(anonymous_6)
FNDA:0,(anonymous_7)
FNDA:0,(anonymous_8)
FNDA:0,(anonymous_9)
FNDA:0,(anonymous_10)
FNDA:0,(anonymous_11)
FNDA:0,(anonymous_12)
FNDA:0,(anonymous_13)
FNDA:0,(anonymous_14)
FNDA:0,(anonymous_15)
FNDA:0,(anonymous_16)
FNDA:0,(anonymous_17)
FNDA:0,(anonymous_18)
DA:5,0
DA:6,0
DA:8,0
DA:9,0
DA:10,0
DA:29,0
DA:32,0
DA:35,0
DA:38,0
DA:41,0
DA:44,0
DA:59,0
DA:60,0
LF:13
LH:0
BRF:0
BRH:0
end_of_record
TN:
SF:/Users/gionagranata/WebstormProjects/prassi-app-commissioning/src/components/configuration/prassi-configuration-management-fee-list.vue
FN:38,data
FN:80,_default
FN:88,myBody
FNF:3
FNH:0
FNDA:0,data
FNDA:0,_default
FNDA:0,myBody
DA:31,0
DA:32,0
DA:33,0
DA:39,0
DA:80,0
DA:89,0
LF:6
LH:0
BRF:0
BRH:0
end_of_record
TN:
SF:/Users/gionagranata/WebstormProjects/prassi-app-commissioning/src/components/configuration/prassi-configuration-products-list.spec.js
FN:8,(anonymous_0)
FN:9,(anonymous_1)
FN:14,(anonymous_2)
FN:17,(anonymous_3)
FN:18,(anonymous_4)
FN:19,(anonymous_5)
FN:20,(anonymous_6)
FN:21,(anonymous_7)
FN:22,(anonymous_8)
FN:23,(anonymous_9)
FN:24,(anonymous_10)
FN:25,(anonymous_11)
FN:26,(anonymous_12)
FN:29,(anonymous_13)
FN:31,(anonymous_14)
FN:34,(anonymous_15)
FN:37,(anonymous_16)
FN:40,(anonymous_17)
FN:43,(anonymous_18)
FNF:19
FNH:0
FNDA:0,(anonymous_0)
FNDA:0,(anonymous_1)
FNDA:0,(anonymous_2)
FNDA:0,(anonymous_3)
FNDA:0,(anonymous_4)
FNDA:0,(anonymous_5)
FNDA:0,(anonymous_6)
FNDA:0,(anonymous_7)
FNDA:0,(anonymous_8)
FNDA:0,(anonymous_9)
FNDA:0,(anonymous_10)
FNDA:0,(anonymous_11)
FNDA:0,(anonymous_12)
FNDA:0,(anonymous_13)
FNDA:0,(anonymous_14)
FNDA:0,(anonymous_15)
FNDA:0,(anonymous_16)
FNDA:0,(anonymous_17)
FNDA:0,(anonymous_18)
DA:5,0
DA:6,0
DA:8,0
DA:9,0
DA:10,0
DA:29,0
DA:32,0
DA:35,0
DA:38,0
DA:41,0
DA:44,0
DA:59,0
DA:60,0
LF:13
LH:0
BRF:0
BRH:0
end_of_record
TN:
SF:/Users/gionagranata/WebstormProjects/prassi-app-commissioning/src/components/configuration/prassi-configuration-products-list.vue
FN:49,updated
FN:52,data
FN:118,_default
FN:126,stopScrolling
FN:130,resumeScrolling
FN:139,forceScrolling
FN:143,loadMore
FN:146,myBody
FNF:8
FNH:0
FNDA:0,updated
FNDA:0,data
FNDA:0,_default
FNDA:0,stopScrolling
FNDA:0,resumeScrolling
FNDA:0,forceScrolling
FNDA:0,loadMore
FNDA:0,myBody
DA:41,0
DA:42,0
DA:43,0
DA:44,0
DA:50,0
DA:53,0
DA:118,0
DA:127,0
DA:128,0
DA:131,0
DA:132,0
DA:136,0
DA:140,0
DA:141,0
DA:144,0
DA:147,0
LF:16
LH:0
BRDA:132,0,0,0
BRDA:132,0,1,0
BRDA:132,1,0,0
BRDA:132,1,1,0
BRDA:168,2,0,0
BRDA:168,2,1,0
BRDA:180,3,0,0
BRDA:180,3,1,0
BRDA:181,4,0,0
BRDA:181,4,1,0
BRDA:187,5,0,0
BRDA:187,5,1,0
BRDA:188,6,0,0
BRDA:188,6,1,0
BRF:14
BRH:0
end_of_record
TN:
SF:/Users/gionagranata/WebstormProjects/prassi-app-commissioning/src/components/dossier/prassi-dossier-filter.vue
FN:77,data
FN:93,_default
FN:105,_default
FN:109,_default
FN:113,_default
FN:117,_default
FN:121,_default
FN:125,_default
FN:129,filterNetwork
FN:130,(anonymous_15)
FN:132,(anonymous_16)
FN:137,filterPromoter
FN:138,(anonymous_18)
FN:140,(anonymous_19)
FN:147,promoterList
FN:150,(anonymous_21)
FN:165,networkList
FN:168,(anonymous_23)
FN:177,productList
FN:180,(anonymous_25)
FN:194,companyList
FN:197,(anonymous_27)
FN:213,filter
FN:217,promoterId
FN:222,networkId
FN:227,filterInternalSearchContract
FN:231,type
FN:236,status
FN:241,product
FN:246,company
FNF:30
FNH:0
FNDA:0,data
FNDA:0,_default
FNDA:0,_default
FNDA:0,_default
FNDA:0,_default
FNDA:0,_default
FNDA:0,_default
FNDA:0,_default
FNDA:0,filterNetwork
FNDA:0,(anonymous_15)
FNDA:0,(anonymous_16)
FNDA:0,filterPromoter
FNDA:0,(anonymous_18)
FNDA:0,(anonymous_19)
FNDA:0,promoterList
FNDA:0,(anonymous_21)
FNDA:0,networkList
FNDA:0,(anonymous_23)
FNDA:0,productList
FNDA:0,(anonymous_25)
FNDA:0,companyList
FNDA:0,(anonymous_27)
FNDA:0,filter
FNDA:0,promoterId
FNDA:0,networkId
FNDA:0,filterInternalSearchContract
FNDA:0,type
FNDA:0,status
FNDA:0,product
FNDA:0,company
DA:73,0
DA:78,0
DA:93,0
DA:105,0
DA:109,0
DA:113,0
DA:117,0
DA:121,0
DA:125,0
DA:129,0
DA:130,0
DA:131,0
DA:132,0
DA:137,0
DA:138,0
DA:139,0
DA:140,0
DA:147,0
DA:148,0
DA:150,0
DA:151,0
DA:152,0
DA:158,0
DA:163,0
DA:166,0
DA:168,0
DA:169,0
DA:175,0
DA:178,0
DA:180,0
DA:181,0
DA:187,0
DA:192,0
DA:195,0
DA:197,0
DA:198,0
DA:204,0
DA:209,0
DA:214,0
DA:215,0
DA:218,0
DA:219,0
DA:220,0
DA:223,0
DA:224,0
DA:225,0
DA:228,0
DA:229,0
DA:232,0
DA:233,0
DA:234,0
DA:237,0
DA:238,0
DA:239,0
DA:242,0
DA:243,0
DA:244,0
DA:247,0
DA:248,0
DA:249,0
LF:60
LH:0
BRDA:219,0,0,0
BRDA:219,0,1,0
BRDA:224,1,0,0
BRDA:224,1,1,0
BRDA:233,2,0,0
BRDA:233,2,1,0
BRDA:238,3,0,0
BRDA:238,3,1,0
BRDA:243,4,0,0
BRDA:243,4,1,0
BRDA:248,5,0,0
BRDA:248,5,1,0
BRF:12
BRH:0
end_of_record
TN:
SF:/Users/gionagranata/WebstormProjects/prassi-app-commissioning/src/components/dossier/prassi-dossier-list.spec.js
FN:8,(anonymous_0)
FN:9,(anonymous_1)
FN:132,(anonymous_2)
FN:133,(anonymous_3)
FN:134,(anonymous_4)
FNF:5
FNH:0
FNDA:0,(anonymous_0)
FNDA:0,(anonymous_1)
FNDA:0,(anonymous_2)
FNDA:0,(anonymous_3)
FNDA:0,(anonymous_4)
DA:5,0
DA:6,0
DA:8,0
DA:9,0
DA:10,0
DA:138,0
DA:139,0
LF:7
LH:0
BRF:0
BRH:0
end_of_record
TN:
SF:/Users/gionagranata/WebstormProjects/prassi-app-commissioning/src/components/dossier/prassi-dossier-list.vue
FN:37,data
FN:111,_default
FN:119,stopScrolling
FN:123,resumeScrolling
FN:127,forceScrolling
FN:131,loadMore
FN:134,viewDossier
FN:145,myBody
FN:218,(anonymous_9)
FN:228,(anonymous_10)
FNF:10
FNH:0
FNDA:0,data
FNDA:0,_default
FNDA:0,stopScrolling
FNDA:0,resumeScrolling
FNDA:0,forceScrolling
FNDA:0,loadMore
FNDA:0,viewDossier
FNDA:0,myBody
FNDA:0,(anonymous_9)
FNDA:0,(anonymous_10)
DA:30,0
DA:31,0
DA:32,0
DA:38,0
DA:111,0
DA:120,0
DA:121,0
DA:124,0
DA:125,0
DA:128,0
DA:129,0
DA:132,0
DA:135,0
DA:136,0
DA:137,0
DA:139,0
DA:140,0
DA:141,0
DA:146,0
DA:219,0
DA:221,0
DA:223,0
DA:225,0
DA:229,0
DA:231,0
DA:233,0
DA:235,0
LF:27
LH:0
BRDA:220,0,0,0
BRDA:220,0,1,0
BRDA:220,0,2,0
BRDA:230,1,0,0
BRDA:230,1,1,0
BRDA:230,1,2,0
BRF:6
BRH:0
end_of_record
TN:
SF:/Users/gionagranata/WebstormProjects/prassi-app-commissioning/src/components/invoicing/prassi-invoicing-close.spec.js
FN:14,(anonymous_0)
FN:17,(anonymous_1)
FN:38,(anonymous_2)
FN:41,(anonymous_3)
FN:42,(anonymous_4)
FN:43,(anonymous_5)
FN:44,(anonymous_6)
FN:45,(anonymous_7)
FN:46,(anonymous_8)
FN:47,(anonymous_9)
FN:48,(anonymous_10)
FN:49,(anonymous_11)
FN:50,(anonymous_12)
FN:53,(anonymous_13)
FN:55,(anonymous_14)
FN:58,(anonymous_15)
FN:61,(anonymous_16)
FN:64,(anonymous_17)
FN:67,(anonymous_18)
FN:84,(anonymous_19)
FN:90,(anonymous_20)
FN:96,(anonymous_21)
FN:99,(anonymous_22)
FN:110,(anonymous_23)
FN:113,(anonymous_24)
FN:114,(anonymous_25)
FN:115,(anonymous_26)
FN:116,(anonymous_27)
FN:117,(anonymous_28)
FN:118,(anonymous_29)
FN:119,(anonymous_30)
FN:120,(anonymous_31)
FN:121,(anonymous_32)
FN:122,(anonymous_33)
FN:125,(anonymous_34)
FN:127,(anonymous_35)
FN:130,(anonymous_36)
FN:133,(anonymous_37)
FN:136,(anonymous_38)
FN:140,(anonymous_39)
FN:157,(anonymous_40)
FNF:41
FNH:0
FNDA:0,(anonymous_0)
FNDA:0,(anonymous_1)
FNDA:0,(anonymous_2)
FNDA:0,(anonymous_3)
FNDA:0,(anonymous_4)
FNDA:0,(anonymous_5)
FNDA:0,(anonymous_6)
FNDA:0,(anonymous_7)
FNDA:0,(anonymous_8)
FNDA:0,(anonymous_9)
FNDA:0,(anonymous_10)
FNDA:0,(anonymous_11)
FNDA:0,(anonymous_12)
FNDA:0,(anonymous_13)
FNDA:0,(anonymous_14)
FNDA:0,(anonymous_15)
FNDA:0,(anonymous_16)
FNDA:0,(anonymous_17)
FNDA:0,(anonymous_18)
FNDA:0,(anonymous_19)
FNDA:0,(anonymous_20)
FNDA:0,(anonymous_21)
FNDA:0,(anonymous_22)
FNDA:0,(anonymous_23)
FNDA:0,(anonymous_24)
FNDA:0,(anonymous_25)
FNDA:0,(anonymous_26)
FNDA:0,(anonymous_27)
FNDA:0,(anonymous_28)
FNDA:0,(anonymous_29)
FNDA:0,(anonymous_30)
FNDA:0,(anonymous_31)
FNDA:0,(anonymous_32)
FNDA:0,(anonymous_33)
FNDA:0,(anonymous_34)
FNDA:0,(anonymous_35)
FNDA:0,(anonymous_36)
FNDA:0,(anonymous_37)
FNDA:0,(anonymous_38)
FNDA:0,(anonymous_39)
FNDA:0,(anonymous_40)
DA:8,0
DA:9,0
DA:10,0
DA:11,0
DA:12,0
DA:14,0
DA:17,0
DA:18,0
DA:53,0
DA:56,0
DA:59,0
DA:62,0
DA:65,0
DA:68,0
DA:84,0
DA:85,0
DA:87,0
DA:90,0
DA:91,0
DA:92,0
DA:96,0
DA:99,0
DA:100,0
DA:125,0
DA:128,0
DA:131,0
DA:134,0
DA:137,0
DA:141,0
DA:157,0
DA:158,0
DA:159,0
LF:32
LH:0
BRF:0
BRH:0
end_of_record
TN:
SF:/Users/gionagranata/WebstormProjects/prassi-app-commissioning/src/components/invoicing/prassi-invoicing-close.vue
FN:69,_default
FN:73,submit
FNF:2
FNH:0
FNDA:0,_default
FNDA:0,submit
DA:56,0
DA:57,0
DA:69,0
DA:74,0
DA:75,0
LF:5
LH:0
BRF:0
BRH:0
end_of_record
TN:
SF:/Users/gionagranata/WebstormProjects/prassi-app-commissioning/src/components/invoicing/prassi-invoicing-detail.spec.js
FN:12,(anonymous_0)
FN:15,(anonymous_1)
FN:82,(anonymous_2)
FN:83,(anonymous_3)
FN:84,(anonymous_4)
FN:87,(anonymous_5)
FN:90,(anonymous_6)
FN:93,(anonymous_7)
FN:96,(anonymous_8)
FN:107,(anonymous_9)
FNF:10
FNH:0
FNDA:0,(anonymous_0)
FNDA:0,(anonymous_1)
FNDA:0,(anonymous_2)
FNDA:0,(anonymous_3)
FNDA:0,(anonymous_4)
FNDA:0,(anonymous_5)
FNDA:0,(anonymous_6)
FNDA:0,(anonymous_7)
FNDA:0,(anonymous_8)
FNDA:0,(anonymous_9)
DA:5,0
DA:6,0
DA:12,0
DA:15,0
DA:16,0
DA:83,0
DA:84,0
DA:88,0
DA:91,0
DA:94,0
DA:97,0
DA:107,0
DA:108,0
DA:109,0
LF:14
LH:0
BRF:0
BRH:0
end_of_record
TN:
SF:/Users/gionagranata/WebstormProjects/prassi-app-commissioning/src/components/invoicing/prassi-invoicing-detail.vue
FN:153,data
FN:172,format
FN:309,_default
FN:313,_default
FN:337,_default
FN:341,buttonLabel
FN:346,confirmOrRemove
FN:349,totalNotIncluded
FN:350,(anonymous_9)
FN:354,comfirmChangeTax
FN:363,changeTaxRegime
FN:366,(anonymous_12)
FN:372,computeKpis
FN:373,(anonymous_14)
FN:384,format
FN:397,(anonymous_16)
FN:409,(anonymous_17)
FN:419,format
FN:436,computeProduct
FN:437,(anonymous_20)
FN:440,computeCurrencySymbol
FN:450,myBodyPromoter
FN:530,myBodyPromoterNotIncluded
FN:590,myBody
FN:678,menuClick
FN:685,handler
FN:694,handler
FN:706,handler
FN:714,(anonymous_29)
FNF:29
FNH:0
FNDA:0,data
FNDA:0,format
FNDA:0,_default
FNDA:0,_default
FNDA:0,_default
FNDA:0,buttonLabel
FNDA:0,confirmOrRemove
FNDA:0,totalNotIncluded
FNDA:0,(anonymous_9)
FNDA:0,comfirmChangeTax
FNDA:0,changeTaxRegime
FNDA:0,(anonymous_12)
FNDA:0,computeKpis
FNDA:0,(anonymous_14)
FNDA:0,format
FNDA:0,(anonymous_16)
FNDA:0,(anonymous_17)
FNDA:0,format
FNDA:0,computeProduct
FNDA:0,(anonymous_20)
FNDA:0,computeCurrencySymbol
FNDA:0,myBodyPromoter
FNDA:0,myBodyPromoterNotIncluded
FNDA:0,myBody
FNDA:0,menuClick
FNDA:0,handler
FNDA:0,handler
FNDA:0,handler
FNDA:0,(anonymous_29)
DA:140,0
DA:141,0
DA:142,0
DA:143,0
DA:153,0
DA:154,0
DA:172,0
DA:309,0
DA:313,0
DA:337,0
DA:342,0
DA:347,0
DA:350,0
DA:355,0
DA:356,0
DA:357,0
DA:359,0
DA:360,0
DA:363,0
DA:364,0
DA:365,0
DA:366,0
DA:369,0
DA:372,0
DA:373,0
DA:374,0
DA:376,0
DA:384,0
DA:387,0
DA:389,0
DA:393,0
DA:397,0
DA:399,0
DA:400,0
DA:406,0
DA:407,0
DA:409,0
DA:410,0
DA:419,0
DA:424,0
DA:432,0
DA:433,0
DA:434,0
DA:437,0
DA:438,0
DA:441,0
DA:443,0
DA:445,0
DA:447,0
DA:451,0
DA:531,0
DA:591,0
DA:678,0
DA:679,0
DA:680,0
DA:686,0
DA:687,0
DA:695,0
DA:696,0
DA:701,0
DA:702,0
DA:707,0
DA:708,0
DA:713,0
DA:719,0
LF:65
LH:0
BRDA:342,0,0,0
BRDA:342,0,1,0
BRDA:347,1,0,0
BRDA:347,1,1,0
BRDA:355,2,0,0
BRDA:355,2,1,0
BRDA:374,3,0,0
BRDA:374,3,1,0
BRDA:399,4,0,0
BRDA:399,4,1,0
BRDA:400,5,0,0
BRDA:400,5,1,0
BRDA:409,6,0,0
BRDA:409,6,1,0
BRDA:416,7,0,0
BRDA:416,7,1,0
BRDA:438,8,0,0
BRDA:438,8,1,0
BRDA:442,9,0,0
BRDA:442,9,1,0
BRDA:442,9,2,0
BRDA:492,10,0,0
BRDA:492,10,1,0
BRDA:508,11,0,0
BRDA:508,11,1,0
BRDA:519,12,0,0
BRDA:519,12,1,0
BRDA:523,13,0,0
BRDA:523,13,1,0
BRDA:579,14,0,0
BRDA:579,14,1,0
BRDA:583,15,0,0
BRDA:583,15,1,0
BRDA:600,16,0,0
BRDA:600,16,1,0
BRDA:622,17,0,0
BRDA:622,17,1,0
BRDA:626,18,0,0
BRDA:626,18,1,0
BRDA:637,19,0,0
BRDA:637,19,1,0
BRDA:635,20,0,0
BRDA:635,20,1,0
BRDA:658,21,0,0
BRDA:658,21,1,0
BRDA:656,22,0,0
BRDA:656,22,1,0
BRDA:667,23,0,0
BRDA:667,23,1,0
BRDA:701,24,0,0
BRDA:701,24,1,0
BRF:51
BRH:0
end_of_record
TN:
SF:/Users/gionagranata/WebstormProjects/prassi-app-commissioning/src/components/invoicing/prassi-invoicing-list.spec.js
FN:16,(anonymous_0)
FN:19,(anonymous_1)
FN:60,(anonymous_2)
FN:61,(anonymous_3)
FN:62,(anonymous_4)
FN:65,(anonymous_5)
FN:68,(anonymous_6)
FN:71,(anonymous_7)
FN:74,(anonymous_8)
FN:85,(anonymous_9)
FNF:10
FNH:0
FNDA:0,(anonymous_0)
FNDA:0,(anonymous_1)
FNDA:0,(anonymous_2)
FNDA:0,(anonymous_3)
FNDA:0,(anonymous_4)
FNDA:0,(anonymous_5)
FNDA:0,(anonymous_6)
FNDA:0,(anonymous_7)
FNDA:0,(anonymous_8)
FNDA:0,(anonymous_9)
DA:5,0
DA:6,0
DA:12,0
DA:16,0
DA:19,0
DA:20,0
DA:61,0
DA:62,0
DA:66,0
DA:69,0
DA:72,0
DA:75,0
DA:85,0
DA:86,0
DA:87,0
LF:15
LH:0
BRF:0
BRH:0
end_of_record
TN:
SF:/Users/gionagranata/WebstormProjects/prassi-app-commissioning/src/components/invoicing/prassi-invoicing-list.vue
FN:38,data
FN:104,_default
FN:112,myBody
FNF:3
FNH:0
FNDA:0,data
FNDA:0,_default
FNDA:0,myBody
DA:31,0
DA:32,0
DA:33,0
DA:39,0
DA:104,0
DA:113,0
LF:6
LH:0
BRDA:116,0,0,0
BRDA:116,0,1,0
BRDA:145,1,0,0
BRDA:145,1,1,0
BRDA:155,2,0,0
BRDA:155,2,1,0
BRDA:163,3,0,0
BRDA:163,3,1,0
BRDA:171,4,0,0
BRDA:171,4,1,0
BRF:10
BRH:0
end_of_record
TN:
SF:/Users/gionagranata/WebstormProjects/prassi-app-commissioning/src/components/invoicing/prassi-invoicing-preview.vue
FN:67,_default
FN:71,submit
FNF:2
FNH:0
FNDA:0,_default
FNDA:0,submit
DA:54,0
DA:55,0
DA:67,0
DA:72,0
DA:73,0
LF:5
LH:0
BRF:0
BRH:0
end_of_record
TN:
SF:/Users/gionagranata/WebstormProjects/prassi-app-commissioning/src/components/invoicing/prassi-invoicing-total-network-list.spec.js
FN:12,(anonymous_0)
FN:15,(anonymous_1)
FN:78,(anonymous_2)
FN:79,(anonymous_3)
FN:80,(anonymous_4)
FN:86,(anonymous_5)
FN:89,(anonymous_6)
FN:92,(anonymous_7)
FN:95,(anonymous_8)
FN:106,(anonymous_9)
FNF:10
FNH:0
FNDA:0,(anonymous_0)
FNDA:0,(anonymous_1)
FNDA:0,(anonymous_2)
FNDA:0,(anonymous_3)
FNDA:0,(anonymous_4)
FNDA:0,(anonymous_5)
FNDA:0,(anonymous_6)
FNDA:0,(anonymous_7)
FNDA:0,(anonymous_8)
FNDA:0,(anonymous_9)
DA:5,0
DA:6,0
DA:12,0
DA:15,0
DA:16,0
DA:79,0
DA:80,0
DA:87,0
DA:90,0
DA:93,0
DA:96,0
DA:106,0
DA:107,0
DA:108,0
LF:14
LH:0
BRF:0
BRH:0
end_of_record
TN:
SF:/Users/gionagranata/WebstormProjects/prassi-app-commissioning/src/components/invoicing/prassi-invoicing-total-network-list.vue
FN:48,data
FN:107,_default
FN:121,handler
FN:127,filterPromoterChange
FN:129,(anonymous_5)
FN:136,myBody
FNF:6
FNH:0
FNDA:0,data
FNDA:0,_default
FNDA:0,handler
FNDA:0,filterPromoterChange
FNDA:0,(anonymous_5)
FNDA:0,myBody
DA:33,0
DA:34,0
DA:35,0
DA:36,0
DA:37,0
DA:49,0
DA:107,0
DA:122,0
DA:128,0
DA:129,0
DA:133,0
DA:137,0
LF:12
LH:0
BRDA:128,0,0,0
BRDA:128,0,1,0
BRDA:168,1,0,0
BRDA:168,1,1,0
BRDA:182,2,0,0
BRDA:182,2,1,0
BRDA:190,3,0,0
BRDA:190,3,1,0
BRF:8
BRH:0
end_of_record
TN:
SF:/Users/gionagranata/WebstormProjects/prassi-app-commissioning/src/components/invoicing/prassi-invoicing-total-network-print.spec.js
FN:12,(anonymous_0)
FN:15,(anonymous_1)
FN:78,(anonymous_2)
FN:79,(anonymous_3)
FN:80,(anonymous_4)
FN:83,(anonymous_5)
FN:86,(anonymous_6)
FN:89,(anonymous_7)
FN:92,(anonymous_8)
FN:103,(anonymous_9)
FNF:10
FNH:0
FNDA:0,(anonymous_0)
FNDA:0,(anonymous_1)
FNDA:0,(anonymous_2)
FNDA:0,(anonymous_3)
FNDA:0,(anonymous_4)
FNDA:0,(anonymous_5)
FNDA:0,(anonymous_6)
FNDA:0,(anonymous_7)
FNDA:0,(anonymous_8)
FNDA:0,(anonymous_9)
DA:5,0
DA:6,0
DA:12,0
DA:15,0
DA:16,0
DA:79,0
DA:80,0
DA:84,0
DA:87,0
DA:90,0
DA:93,0
DA:103,0
DA:104,0
DA:105,0
LF:14
LH:0
BRF:0
BRH:0
end_of_record
TN:
SF:/Users/gionagranata/WebstormProjects/prassi-app-commissioning/src/components/invoicing/prassi-invoicing-total-network-print.vue
FN:77,data
FN:104,_default
FN:114,handler
FN:120,stopScrolling
FN:124,resumeScrolling
FN:128,forceScrolling
FN:132,loadMore
FN:136,filterPromoterChange
FN:143,myBody
FNF:9
FNH:0
FNDA:0,data
FNDA:0,_default
FNDA:0,handler
FNDA:0,stopScrolling
FNDA:0,resumeScrolling
FNDA:0,forceScrolling
FNDA:0,loadMore
FNDA:0,filterPromoterChange
FNDA:0,myBody
DA:62,0
DA:63,0
DA:64,0
DA:65,0
DA:66,0
DA:78,0
DA:104,0
DA:115,0
DA:121,0
DA:122,0
DA:125,0
DA:126,0
DA:129,0
DA:130,0
DA:133,0
DA:134,0
DA:137,0
DA:138,0
DA:140,0
DA:144,0
LF:20
LH:0
BRDA:137,0,0,0
BRDA:137,0,1,0
BRF:2
BRH:0
end_of_record
TN:
SF:/Users/gionagranata/WebstormProjects/prassi-app-commissioning/src/components/invoicing/prassi-invoicing-total-network-summary.spec.js
FN:12,(anonymous_0)
FN:15,(anonymous_1)
FN:69,(anonymous_2)
FN:70,(anonymous_3)
FN:71,(anonymous_4)
FN:74,(anonymous_5)
FN:77,(anonymous_6)
FN:80,(anonymous_7)
FN:83,(anonymous_8)
FN:94,(anonymous_9)
FNF:10
FNH:0
FNDA:0,(anonymous_0)
FNDA:0,(anonymous_1)
FNDA:0,(anonymous_2)
FNDA:0,(anonymous_3)
FNDA:0,(anonymous_4)
FNDA:0,(anonymous_5)
FNDA:0,(anonymous_6)
FNDA:0,(anonymous_7)
FNDA:0,(anonymous_8)
FNDA:0,(anonymous_9)
DA:5,0
DA:6,0
DA:12,0
DA:15,0
DA:16,0
DA:70,0
DA:71,0
DA:75,0
DA:78,0
DA:81,0
DA:84,0
DA:94,0
DA:95,0
DA:96,0
LF:14
LH:0
BRF:0
BRH:0
end_of_record
TN:
SF:/Users/gionagranata/WebstormProjects/prassi-app-commissioning/src/components/invoicing/prassi-invoicing-total-network-summary.vue
FN:74,data
FN:146,_default
FN:150,_default
FN:154,_default
FN:168,handler
FN:174,handler
FN:180,addOrRemoveEvent
FN:183,viewNetwork
FN:197,changedChecked
FN:201,changedFilter
FN:208,searchChange
FN:215,applyFilter
FN:218,(anonymous_13)
FN:225,myBody
FNF:14
FNH:0
FNDA:0,data
FNDA:0,_default
FNDA:0,_default
FNDA:0,_default
FNDA:0,handler
FNDA:0,handler
FNDA:0,addOrRemoveEvent
FNDA:0,viewNetwork
FNDA:0,changedChecked
FNDA:0,changedFilter
FNDA:0,searchChange
FNDA:0,applyFilter
FNDA:0,(anonymous_13)
FNDA:0,myBody
DA:59,0
DA:60,0
DA:61,0
DA:62,0
DA:63,0
DA:75,0
DA:146,0
DA:150,0
DA:154,0
DA:169,0
DA:175,0
DA:181,0
DA:184,0
DA:186,0
DA:188,0
DA:190,0
DA:192,0
DA:198,0
DA:199,0
DA:202,0
DA:203,0
DA:204,0
DA:205,0
DA:206,0
DA:209,0
DA:210,0
DA:211,0
DA:212,0
DA:213,0
DA:215,0
DA:216,0
DA:217,0
DA:218,0
DA:222,0
DA:226,0
LF:35
LH:0
BRDA:181,0,0,0
BRDA:181,0,1,0
BRDA:185,1,0,0
BRDA:185,1,1,0
BRDA:185,1,2,0
BRDA:185,1,3,0
BRDA:217,2,0,0
BRDA:217,2,1,0
BRDA:249,3,0,0
BRDA:249,3,1,0
BRDA:263,4,0,0
BRDA:263,4,1,0
BRDA:271,5,0,0
BRDA:271,5,1,0
BRF:14
BRH:0
end_of_record
TN:
SF:/Users/gionagranata/WebstormProjects/prassi-app-commissioning/src/components/letter/prassi-letter-filter.vue
FN:31,data
FN:40,_default
FN:47,_default
FN:51,lettersTypesList
FN:53,(anonymous_10)
FN:69,filter
FN:73,filterInternalPromoterDisplayName
FN:77,type
FNF:8
FNH:0
FNDA:0,data
FNDA:0,_default
FNDA:0,_default
FNDA:0,lettersTypesList
FNDA:0,(anonymous_10)
FNDA:0,filter
FNDA:0,filterInternalPromoterDisplayName
FNDA:0,type
DA:27,0
DA:32,0
DA:40,0
DA:47,0
DA:51,0
DA:52,0
DA:53,0
DA:54,0
DA:60,0
DA:65,0
DA:70,0
DA:71,0
DA:74,0
DA:75,0
DA:78,0
DA:79,0
DA:80,0
LF:17
LH:0
BRDA:79,0,0,0
BRDA:79,0,1,0
BRF:2
BRH:0
end_of_record
TN:
SF:/Users/gionagranata/WebstormProjects/prassi-app-commissioning/src/components/letter/prassi-letter-list.spec.js
FN:14,(anonymous_0)
FN:21,(anonymous_1)
FN:24,(anonymous_2)
FN:78,(anonymous_3)
FN:79,(anonymous_4)
FN:80,(anonymous_5)
FN:83,(anonymous_6)
FN:86,(anonymous_7)
FN:89,(anonymous_8)
FN:108,(anonymous_9)
FN:113,(anonymous_10)
FN:119,(anonymous_11)
FNF:12
FNH:0
FNDA:0,(anonymous_0)
FNDA:0,(anonymous_1)
FNDA:0,(anonymous_2)
FNDA:0,(anonymous_3)
FNDA:0,(anonymous_4)
FNDA:0,(anonymous_5)
FNDA:0,(anonymous_6)
FNDA:0,(anonymous_7)
FNDA:0,(anonymous_8)
FNDA:0,(anonymous_9)
FNDA:0,(anonymous_10)
FNDA:0,(anonymous_11)
DA:6,0
DA:7,0
DA:13,0
DA:15,0
DA:19,0
DA:21,0
DA:24,0
DA:25,0
DA:79,0
DA:80,0
DA:84,0
DA:87,0
DA:90,0
DA:108,0
DA:109,0
DA:110,0
DA:113,0
DA:114,0
DA:115,0
DA:116,0
DA:119,0
DA:120,0
DA:121,0
DA:122,0
LF:24
LH:0
BRF:0
BRH:0
end_of_record
TN:
SF:/Users/gionagranata/WebstormProjects/prassi-app-commissioning/src/components/letter/prassi-letter-list.vue
FN:71,updated
FN:74,data
FN:87,sortable
FN:98,sortable
FN:110,sortable
FN:123,sortable
FN:143,sortable
FN:223,_default
FN:238,myBody
FN:286,(anonymous_15)
FN:296,(anonymous_16)
FN:332,stopScrolling
FN:336,resumeScrolling
FN:342,forceScrolling
FN:346,loadMore
FNF:15
FNH:0
FNDA:0,updated
FNDA:0,data
FNDA:0,sortable
FNDA:0,sortable
FNDA:0,sortable
FNDA:0,sortable
FNDA:0,sortable
FNDA:0,_default
FNDA:0,myBody
FNDA:0,(anonymous_15)
FNDA:0,(anonymous_16)
FNDA:0,stopScrolling
FNDA:0,resumeScrolling
FNDA:0,forceScrolling
FNDA:0,loadMore
DA:63,0
DA:64,0
DA:65,0
DA:66,0
DA:72,0
DA:74,0
DA:75,0
DA:88,0
DA:99,0
DA:111,0
DA:124,0
DA:144,0
DA:223,0
DA:239,0
DA:287,0
DA:289,0
DA:291,0
DA:293,0
DA:297,0
DA:299,0
DA:301,0
DA:303,0
DA:333,0
DA:334,0
DA:337,0
DA:338,0
DA:339,0
DA:343,0
DA:344,0
DA:347,0
LF:30
LH:0
BRDA:91,0,0,0
BRDA:91,0,1,0
BRDA:165,1,0,0
BRDA:165,1,1,0
BRDA:254,2,0,0
BRDA:254,2,1,0
BRDA:288,3,0,0
BRDA:288,3,1,0
BRDA:288,3,2,0
BRDA:298,4,0,0
BRDA:298,4,1,0
BRDA:298,4,2,0
BRDA:310,5,0,0
BRDA:310,5,1,0
BRDA:314,6,0,0
BRDA:314,6,1,0
BRDA:326,7,0,0
BRDA:326,7,1,0
BRDA:327,8,0,0
BRDA:327,8,1,0
BRDA:338,9,0,0
BRDA:338,9,1,0
BRF:22
BRH:0
end_of_record
TN:
SF:/Users/gionagranata/WebstormProjects/prassi-app-commissioning/src/components/letter/prassi-promoter-check-list.spec.js
FN:12,(anonymous_0)
FN:15,(anonymous_1)
FN:31,(anonymous_2)
FN:32,(anonymous_3)
FN:33,(anonymous_4)
FN:36,(anonymous_5)
FN:39,(anonymous_6)
FN:42,(anonymous_7)
FN:45,(anonymous_8)
FN:56,(anonymous_9)
FNF:10
FNH:0
FNDA:0,(anonymous_0)
FNDA:0,(anonymous_1)
FNDA:0,(anonymous_2)
FNDA:0,(anonymous_3)
FNDA:0,(anonymous_4)
FNDA:0,(anonymous_5)
FNDA:0,(anonymous_6)
FNDA:0,(anonymous_7)
FNDA:0,(anonymous_8)
FNDA:0,(anonymous_9)
DA:5,0
DA:6,0
DA:12,0
DA:15,0
DA:16,0
DA:32,0
DA:33,0
DA:37,0
DA:40,0
DA:43,0
DA:46,0
DA:56,0
DA:57,0
DA:58,0
LF:14
LH:0
BRF:0
BRH:0
end_of_record
TN:
SF:/Users/gionagranata/WebstormProjects/prassi-app-commissioning/src/components/letter/prassi-promoter-check-list.vue
FN:44,data
FN:81,_default
FN:91,handler
FN:96,(anonymous_4)
FN:104,changeCheckedAll
FN:105,(anonymous_6)
FN:110,resumeScrolling
FN:117,forceScrolling
FN:122,loadMore
FN:129,(anonymous_10)
FN:139,myBody
FNF:11
FNH:0
FNDA:0,data
FNDA:0,_default
FNDA:0,handler
FNDA:0,(anonymous_4)
FNDA:0,changeCheckedAll
FNDA:0,(anonymous_6)
FNDA:0,resumeScrolling
FNDA:0,forceScrolling
FNDA:0,loadMore
FNDA:0,(anonymous_10)
FNDA:0,myBody
DA:37,0
DA:38,0
DA:39,0
DA:45,0
DA:81,0
DA:91,0
DA:92,0
DA:93,0
DA:94,0
DA:95,0
DA:96,0
DA:97,0
DA:98,0
DA:105,0
DA:106,0
DA:108,0
DA:111,0
DA:112,0
DA:113,0
DA:114,0
DA:118,0
DA:119,0
DA:122,0
DA:123,0
DA:124,0
DA:126,0
DA:127,0
DA:128,0
DA:129,0
DA:130,0
DA:131,0
DA:134,0
DA:135,0
DA:136,0
DA:140,0
LF:35
LH:0
BRDA:112,0,0,0
BRDA:112,0,1,0
BRDA:126,1,0,0
BRDA:126,1,1,0
BRDA:126,2,0,0
BRDA:126,2,1,0
BRF:6
BRH:0
end_of_record
TN:
SF:/Users/gionagranata/WebstormProjects/prassi-app-commissioning/src/components/pay-in/prassi-acquittance-error-list.spec.js
FN:12,(anonymous_0)
FN:15,(anonymous_1)
FN:52,(anonymous_2)
FN:53,(anonymous_3)
FN:54,(anonymous_4)
FN:57,(anonymous_5)
FN:60,(anonymous_6)
FN:63,(anonymous_7)
FN:66,(anonymous_8)
FN:77,(anonymous_9)
FNF:10
FNH:0
FNDA:0,(anonymous_0)
FNDA:0,(anonymous_1)
FNDA:0,(anonymous_2)
FNDA:0,(anonymous_3)
FNDA:0,(anonymous_4)
FNDA:0,(anonymous_5)
FNDA:0,(anonymous_6)
FNDA:0,(anonymous_7)
FNDA:0,(anonymous_8)
FNDA:0,(anonymous_9)
DA:5,0
DA:6,0
DA:12,0
DA:15,0
DA:16,0
DA:53,0
DA:54,0
DA:58,0
DA:61,0
DA:64,0
DA:67,0
DA:77,0
DA:78,0
DA:79,0
LF:14
LH:0
BRF:0
BRH:0
end_of_record
TN:
SF:/Users/gionagranata/WebstormProjects/prassi-app-commissioning/src/components/pay-in/prassi-acquittance-error-list.vue
FN:42,data
FN:127,_default
FN:141,handler
FN:146,(anonymous_4)
FN:153,stopScrolling
FN:157,resumeScrolling
FN:163,forceScrolling
FN:168,loadMore
FN:177,(anonymous_9)
FN:185,myBody
FN:267,(anonymous_11)
FN:277,(anonymous_12)
FNF:12
FNH:0
FNDA:0,data
FNDA:0,_default
FNDA:0,handler
FNDA:0,(anonymous_4)
FNDA:0,stopScrolling
FNDA:0,resumeScrolling
FNDA:0,forceScrolling
FNDA:0,loadMore
FNDA:0,(anonymous_9)
FNDA:0,myBody
FNDA:0,(anonymous_11)
FNDA:0,(anonymous_12)
DA:31,0
DA:32,0
DA:33,0
DA:43,0
DA:127,0
DA:141,0
DA:142,0
DA:143,0
DA:144,0
DA:145,0
DA:146,0
DA:147,0
DA:154,0
DA:155,0
DA:158,0
DA:159,0
DA:160,0
DA:164,0
DA:165,0
DA:169,0
DA:170,0
DA:172,0
DA:174,0
DA:175,0
DA:176,0
DA:177,0
DA:178,0
DA:181,0
DA:182,0
DA:186,0
DA:268,0
DA:270,0
DA:272,0
DA:274,0
DA:278,0
DA:280,0
DA:282,0
DA:284,0
LF:38
LH:0
BRDA:159,0,0,0
BRDA:159,0,1,0
BRDA:174,1,0,0
BRDA:174,1,1,0
BRDA:174,2,0,0
BRDA:174,2,1,0
BRDA:195,3,0,0
BRDA:195,3,1,0
BRDA:255,4,0,0
BRDA:255,4,1,0
BRDA:269,5,0,0
BRDA:269,5,1,0
BRDA:269,5,2,0
BRDA:279,6,0,0
BRDA:279,6,1,0
BRDA:279,6,2,0
BRF:16
BRH:0
end_of_record
TN:
SF:/Users/gionagranata/WebstormProjects/prassi-app-commissioning/src/components/pay-in/prassi-acquittance-list.spec.js
FN:19,(anonymous_0)
FN:22,(anonymous_1)
FN:54,(anonymous_2)
FN:55,(anonymous_3)
FN:56,(anonymous_4)
FN:59,(anonymous_5)
FN:62,(anonymous_6)
FN:65,(anonymous_7)
FN:68,(anonymous_8)
FN:79,(anonymous_9)
FNF:10
FNH:0
FNDA:0,(anonymous_0)
FNDA:0,(anonymous_1)
FNDA:0,(anonymous_2)
FNDA:0,(anonymous_3)
FNDA:0,(anonymous_4)
FNDA:0,(anonymous_5)
FNDA:0,(anonymous_6)
FNDA:0,(anonymous_7)
FNDA:0,(anonymous_8)
FNDA:0,(anonymous_9)
DA:6,0
DA:7,0
DA:13,0
DA:15,0
DA:19,0
DA:22,0
DA:23,0
DA:55,0
DA:56,0
DA:60,0
DA:63,0
DA:66,0
DA:69,0
DA:79,0
DA:80,0
DA:81,0
LF:16
LH:0
BRF:0
BRH:0
end_of_record
TN:
SF:/Users/gionagranata/WebstormProjects/prassi-app-commissioning/src/components/pay-in/prassi-acquittance-list.vue
FN:54,data
FN:96,_default
FN:104,stopScrolling
FN:108,resumeScrolling
FN:112,forceScrolling
FN:116,loadMore
FN:119,myBody
FNF:7
FNH:0
FNDA:0,data
FNDA:0,_default
FNDA:0,stopScrolling
FNDA:0,resumeScrolling
FNDA:0,forceScrolling
FNDA:0,loadMore
FNDA:0,myBody
DA:47,0
DA:48,0
DA:49,0
DA:55,0
DA:96,0
DA:105,0
DA:106,0
DA:109,0
DA:110,0
DA:113,0
DA:114,0
DA:117,0
DA:120,0
LF:13
LH:0
BRDA:123,0,0,0
BRDA:123,0,1,0
BRDA:124,1,0,0
BRDA:124,1,1,0
BRF:4
BRH:0
end_of_record
TN:
SF:/Users/gionagranata/WebstormProjects/prassi-app-commissioning/src/components/promoter/prassi-promoter-block.spec.js
FN:8,(anonymous_0)
FN:9,(anonymous_1)
FN:50,(anonymous_2)
FN:51,(anonymous_3)
FNF:4
FNH:0
FNDA:0,(anonymous_0)
FNDA:0,(anonymous_1)
FNDA:0,(anonymous_2)
FNDA:0,(anonymous_3)
DA:5,0
DA:6,0
DA:8,0
DA:9,0
DA:10,0
DA:51,0
DA:55,0
LF:7
LH:0
BRF:0
BRH:0
end_of_record
TN:
SF:/Users/gionagranata/WebstormProjects/prassi-app-commissioning/src/components/promoter/prassi-promoter-block.vue
FN:82,data
FN:125,_default
FN:132,emitLazyLoadClick
FN:135,(anonymous_9)
FN:137,(anonymous_10)
FN:146,loadMoreIndirectItems
FN:148,(anonymous_12)
FN:150,(anonymous_13)
FNF:8
FNH:0
FNDA:0,data
FNDA:0,_default
FNDA:0,emitLazyLoadClick
FNDA:0,(anonymous_9)
FNDA:0,(anonymous_10)
FNDA:0,loadMoreIndirectItems
FNDA:0,(anonymous_12)
FNDA:0,(anonymous_13)
DA:75,0
DA:76,0
DA:77,0
DA:82,0
DA:125,0
DA:132,0
DA:133,0
DA:134,0
DA:135,0
DA:136,0
DA:137,0
DA:138,0
DA:139,0
DA:143,0
DA:146,0
DA:147,0
DA:148,0
DA:149,0
DA:150,0
DA:151,0
LF:20
LH:0
BRDA:133,0,0,0
BRDA:133,0,1,0
BRF:2
BRH:0
end_of_record
TN:
SF:/Users/gionagranata/WebstormProjects/prassi-app-commissioning/src/components/promoter/prassi-promoter-company.spec.js
FN:12,(anonymous_0)
FN:15,(anonymous_1)
FN:42,(anonymous_2)
FN:43,(anonymous_3)
FN:49,(anonymous_4)
FN:52,(anonymous_5)
FN:55,(anonymous_6)
FN:63,(anonymous_7)
FN:73,(anonymous_8)
FN:79,(anonymous_9)
FN:82,(anonymous_10)
FN:92,(anonymous_11)
FN:93,(anonymous_12)
FN:99,(anonymous_13)
FN:102,(anonymous_14)
FN:105,(anonymous_15)
FN:113,(anonymous_16)
FNF:17
FNH:0
FNDA:0,(anonymous_0)
FNDA:0,(anonymous_1)
FNDA:0,(anonymous_2)
FNDA:0,(anonymous_3)
FNDA:0,(anonymous_4)
FNDA:0,(anonymous_5)
FNDA:0,(anonymous_6)
FNDA:0,(anonymous_7)
FNDA:0,(anonymous_8)
FNDA:0,(anonymous_9)
FNDA:0,(anonymous_10)
FNDA:0,(anonymous_11)
FNDA:0,(anonymous_12)
FNDA:0,(anonymous_13)
FNDA:0,(anonymous_14)
FNDA:0,(anonymous_15)
FNDA:0,(anonymous_16)
DA:7,0
DA:8,0
DA:9,0
DA:10,0
DA:12,0
DA:15,0
DA:16,0
DA:43,0
DA:50,0
DA:53,0
DA:56,0
DA:63,0
DA:64,0
DA:65,0
DA:67,0
DA:68,0
DA:69,0
DA:70,0
DA:73,0
DA:74,0
DA:75,0
DA:79,0
DA:82,0
DA:83,0
DA:93,0
DA:100,0
DA:103,0
DA:106,0
DA:113,0
DA:114,0
DA:115,0
DA:116,0
DA:118,0
DA:119,0
DA:120,0
LF:35
LH:0
BRF:0
BRH:0
end_of_record
TN:
SF:/Users/gionagranata/WebstormProjects/prassi-app-commissioning/src/components/promoter/prassi-promoter-company.vue
FN:124,data
FN:145,_default
FN:167,handler
FN:181,submit
FNF:4
FNH:0
FNDA:0,data
FNDA:0,_default
FNDA:0,handler
FNDA:0,submit
DA:119,0
DA:120,0
DA:125,0
DA:145,0
DA:168,0
DA:169,0
DA:170,0
DA:171,0
DA:172,0
DA:173,0
DA:174,0
DA:175,0
DA:176,0
DA:182,0
DA:184,0
DA:185,0
DA:186,0
DA:194,0
LF:18
LH:0
BRDA:184,0,0,0
BRDA:184,0,1,0
BRF:2
BRH:0
end_of_record
TN:
SF:/Users/gionagranata/WebstormProjects/prassi-app-commissioning/src/components/promoter/prassi-promoter-data-main.spec.js
FN:10,(anonymous_0)
FN:11,(anonymous_1)
FN:41,(anonymous_2)
FN:44,(anonymous_3)
FN:47,(anonymous_4)
FN:50,(anonymous_5)
FN:54,(anonymous_6)
FN:55,(anonymous_7)
FNF:8
FNH:0
FNDA:0,(anonymous_0)
FNDA:0,(anonymous_1)
FNDA:0,(anonymous_2)
FNDA:0,(anonymous_3)
FNDA:0,(anonymous_4)
FNDA:0,(anonymous_5)
FNDA:0,(anonymous_6)
FNDA:0,(anonymous_7)
DA:6,0
DA:7,0
DA:8,0
DA:10,0
DA:11,0
DA:12,0
DA:14,0
DA:45,0
DA:48,0
DA:51,0
DA:54,0
DA:55,0
DA:59,0
LF:13
LH:0
BRF:0
BRH:0
end_of_record
TN:
SF:/Users/gionagranata/WebstormProjects/prassi-app-commissioning/src/components/promoter/prassi-promoter-data-main.vue
FN:81,data
FN:89,_default
FN:99,handler
FN:106,menuInternal
FNF:4
FNH:0
FNDA:0,data
FNDA:0,_default
FNDA:0,handler
FNDA:0,menuInternal
DA:82,0
DA:89,0
DA:100,0
DA:101,0
DA:102,0
DA:107,0
DA:108,0
LF:7
LH:0
BRDA:101,0,0,0
BRDA:101,0,1,0
BRDA:101,1,0,0
BRDA:101,1,1,0
BRF:4
BRH:0
end_of_record
TN:
SF:/Users/gionagranata/WebstormProjects/prassi-app-commissioning/src/components/promoter/prassi-promoter-data-small.spec.js
FN:10,(anonymous_0)
FN:11,(anonymous_1)
FN:58,(anonymous_2)
FN:59,(anonymous_3)
FN:60,(anonymous_4)
FNF:5
FNH:0
FNDA:0,(anonymous_0)
FNDA:0,(anonymous_1)
FNDA:0,(anonymous_2)
FNDA:0,(anonymous_3)
FNDA:0,(anonymous_4)
DA:6,0
DA:7,0
DA:8,0
DA:10,0
DA:11,0
DA:12,0
DA:59,0
DA:60,0
DA:64,0
DA:65,0
DA:66,0
DA:67,0
LF:12
LH:0
BRF:0
BRH:0
end_of_record
TN:
SF:/Users/gionagranata/WebstormProjects/prassi-app-commissioning/src/components/promoter/prassi-promoter-data-small.vue
FN:33,_default
FNF:1
FNH:0
FNDA:0,_default
DA:33,0
LF:1
LH:0
BRF:0
BRH:0
end_of_record
TN:
SF:/Users/gionagranata/WebstormProjects/prassi-app-commissioning/src/components/promoter/prassi-promoter-filter.spec.js
FN:10,(anonymous_0)
FN:11,(anonymous_1)
FN:19,(anonymous_2)
FN:25,(anonymous_3)
FN:26,(anonymous_4)
FN:28,(anonymous_5)
FN:30,(anonymous_6)
FN:33,(anonymous_7)
FN:36,(anonymous_8)
FNF:9
FNH:0
FNDA:0,(anonymous_0)
FNDA:0,(anonymous_1)
FNDA:0,(anonymous_2)
FNDA:0,(anonymous_3)
FNDA:0,(anonymous_4)
FNDA:0,(anonymous_5)
FNDA:0,(anonymous_6)
FNDA:0,(anonymous_7)
FNDA:0,(anonymous_8)
DA:6,0
DA:7,0
DA:8,0
DA:10,0
DA:11,0
DA:12,0
DA:14,0
DA:19,0
DA:26,0
DA:28,0
DA:31,0
DA:34,0
DA:37,0
DA:43,0
DA:44,0
LF:15
LH:0
BRF:0
BRH:0
end_of_record
TN:
SF:/Users/gionagranata/WebstormProjects/prassi-app-commissioning/src/components/promoter/prassi-promoter-filter.vue
FN:64,data
FN:72,_default
FN:87,_default
FN:128,_default
FN:136,roleTypeList
FN:139,(anonymous_11)
FN:155,filter
FN:159,filterInternalSearchPromoter
FN:163,filterInternalSelected
FN:167,filterInternalRoleType
FNF:10
FNH:0
FNDA:0,data
FNDA:0,_default
FNDA:0,_default
FNDA:0,_default
FNDA:0,roleTypeList
FNDA:0,(anonymous_11)
FNDA:0,filter
FNDA:0,filterInternalSearchPromoter
FNDA:0,filterInternalSelected
FNDA:0,filterInternalRoleType
DA:60,0
DA:65,0
DA:72,0
DA:87,0
DA:128,0
DA:136,0
DA:137,0
DA:139,0
DA:140,0
DA:146,0
DA:151,0
DA:156,0
DA:157,0
DA:160,0
DA:161,0
DA:164,0
DA:165,0
DA:168,0
DA:169,0
LF:19
LH:0
BRF:0
BRH:0
end_of_record
TN:
SF:/Users/gionagranata/WebstormProjects/prassi-app-commissioning/src/components/promoter/prassi-promoter-insert-letter.spec.js
FN:14,(anonymous_0)
FN:17,(anonymous_1)
FN:65,(anonymous_2)
FN:66,(anonymous_3)
FN:68,(anonymous_4)
FN:71,(anonymous_5)
FN:74,(anonymous_6)
FN:82,(anonymous_7)
FN:88,(anonymous_8)
FN:91,(anonymous_9)
FN:102,(anonymous_10)
FN:103,(anonymous_11)
FN:105,(anonymous_12)
FN:108,(anonymous_13)
FN:111,(anonymous_14)
FN:119,(anonymous_15)
FNF:16
FNH:0
FNDA:0,(anonymous_0)
FNDA:0,(anonymous_1)
FNDA:0,(anonymous_2)
FNDA:0,(anonymous_3)
FNDA:0,(anonymous_4)
FNDA:0,(anonymous_5)
FNDA:0,(anonymous_6)
FNDA:0,(anonymous_7)
FNDA:0,(anonymous_8)
FNDA:0,(anonymous_9)
FNDA:0,(anonymous_10)
FNDA:0,(anonymous_11)
FNDA:0,(anonymous_12)
FNDA:0,(anonymous_13)
FNDA:0,(anonymous_14)
FNDA:0,(anonymous_15)
DA:7,0
DA:8,0
DA:9,0
DA:10,0
DA:11,0
DA:12,0
DA:14,0
DA:17,0
DA:18,0
DA:66,0
DA:69,0
DA:72,0
DA:75,0
DA:82,0
DA:83,0
DA:84,0
DA:88,0
DA:91,0
DA:92,0
DA:102,0
DA:103,0
DA:106,0
DA:109,0
DA:112,0
DA:119,0
DA:120,0
DA:121,0
LF:27
LH:0
BRF:0
BRH:0
end_of_record
TN:
SF:/Users/gionagranata/WebstormProjects/prassi-app-commissioning/src/components/promoter/prassi-promoter-insert-letter.vue
FN:363,data
FN:376,_default
FN:380,_default
FN:384,_default
FN:392,selectedSettings
FN:393,(anonymous_11)
FN:395,conditionedTitleStep
FN:405,conditionedTitle
FN:415,productivePeriod
FN:435,needTargetsChanged
FN:438,targetsStepDisplay
FN:445,saveLetterType
FN:453,saveLetterBase
FN:455,(anonymous_19)
FN:461,(anonymous_20)
FN:472,deleteLetter
FN:474,(anonymous_22)
FN:479,(anonymous_23)
FN:491,saveLetterDetail
FN:529,_callee
FN:534,_callee$
FN:545,activateLetter
FN:547,_callee2
FN:550,_callee2$
FN:561,uploadedLetterAttachment
FN:565,_callee3
FN:571,_callee3$
FNF:27
FNH:0
FNDA:0,data
FNDA:0,_default
FNDA:0,_default
FNDA:0,_default
FNDA:0,selectedSettings
FNDA:0,(anonymous_11)
FNDA:0,conditionedTitleStep
FNDA:0,conditionedTitle
FNDA:0,productivePeriod
FNDA:0,needTargetsChanged
FNDA:0,targetsStepDisplay
FNDA:0,saveLetterType
FNDA:0,saveLetterBase
FNDA:0,(anonymous_19)
FNDA:0,(anonymous_20)
FNDA:0,deleteLetter
FNDA:0,(anonymous_22)
FNDA:0,(anonymous_23)
FNDA:0,saveLetterDetail
FNDA:0,_callee
FNDA:0,_callee$
FNDA:0,activateLetter
FNDA:0,_callee2
FNDA:0,_callee2$
FNDA:0,uploadedLetterAttachment
FNDA:0,_callee3
FNDA:0,_callee3$
DA:327,0
DA:328,0
DA:329,0
DA:330,0
DA:331,0
DA:332,0
DA:333,0
DA:334,0
DA:335,0
DA:336,0
DA:337,0
DA:338,0
DA:339,0
DA:340,0
DA:341,0
DA:342,0
DA:364,0
DA:376,0
DA:380,0
DA:384,0
DA:392,0
DA:393,0
DA:396,0
DA:398,0
DA:400,0
DA:402,0
DA:406,0
DA:408,0
DA:410,0
DA:412,0
DA:416,0
DA:436,0
DA:439,0
DA:446,0
DA:447,0
DA:453,0
DA:454,0
DA:455,0
DA:460,0
DA:461,0
DA:462,0
DA:468,0
DA:472,0
DA:473,0
DA:474,0
DA:478,0
DA:479,0
DA:480,0
DA:486,0
DA:491,0
DA:492,0
DA:493,0
DA:494,0
DA:495,0
DA:497,0
DA:498,0
DA:499,0
DA:500,0
DA:501,0
DA:502,0
DA:503,0
DA:504,0
DA:505,0
DA:506,0
DA:508,0
DA:510,0
DA:511,0
DA:516,0
DA:517,0
DA:519,0
DA:524,0
DA:525,0
DA:528,0
DA:529,0
DA:534,0
DA:535,0
DA:536,0
DA:542,0
DA:545,0
DA:546,0
DA:547,0
DA:550,0
DA:551,0
DA:552,0
DA:558,0
DA:561,0
DA:562,0
DA:563,0
DA:564,0
DA:565,0
DA:571,0
DA:572,0
DA:573,0
LF:93
LH:0
BRDA:397,0,0,0
BRDA:397,0,1,0
BRDA:397,0,2,0
BRDA:407,1,0,0
BRDA:407,1,1,0
BRDA:407,1,2,0
BRDA:439,2,0,0
BRDA:439,2,1,0
BRDA:439,2,2,0
BRDA:439,2,3,0
BRDA:494,3,0,0
BRDA:494,3,1,0
BRDA:495,4,0,0
BRDA:495,4,1,0
BRDA:497,5,0,0
BRDA:497,5,1,0
BRDA:498,6,0,0
BRDA:498,6,1,0
BRDA:499,7,0,0
BRDA:499,7,1,0
BRDA:500,8,0,0
BRDA:500,8,1,0
BRDA:501,9,0,0
BRDA:501,9,1,0
BRDA:502,10,0,0
BRDA:502,10,1,0
BRDA:503,11,0,0
BRDA:503,11,1,0
BRDA:504,12,0,0
BRDA:504,12,1,0
BRDA:505,13,0,0
BRDA:505,13,1,0
BRDA:506,14,0,0
BRDA:506,14,1,0
BRDA:508,15,0,0
BRDA:508,15,1,0
BRDA:510,16,0,0
BRDA:510,16,1,0
BRDA:511,17,0,0
BRDA:511,17,1,0
BRDA:511,18,0,0
BRDA:511,18,1,0
BRDA:511,18,2,0
BRDA:519,19,0,0
BRDA:519,19,1,0
BRDA:519,20,0,0
BRDA:519,20,1,0
BRDA:519,20,2,0
BRDA:534,21,0,0
BRDA:534,21,1,0
BRDA:534,21,2,0
BRDA:550,22,0,0
BRDA:550,22,1,0
BRDA:550,22,2,0
BRDA:571,23,0,0
BRDA:571,23,1,0
BRDA:571,23,2,0
BRF:57
BRH:0
end_of_record
TN:
SF:/Users/gionagranata/WebstormProjects/prassi-app-commissioning/src/components/promoter/prassi-promoter-letter-activate.spec.js
FN:14,(anonymous_0)
FN:17,(anonymous_1)
FN:40,(anonymous_2)
FN:46,(anonymous_3)
FN:47,(anonymous_4)
FN:48,(anonymous_5)
FN:49,(anonymous_6)
FN:50,(anonymous_7)
FN:51,(anonymous_8)
FN:52,(anonymous_9)
FN:53,(anonymous_10)
FN:54,(anonymous_11)
FN:55,(anonymous_12)
FN:58,(anonymous_13)
FN:60,(anonymous_14)
FN:63,(anonymous_15)
FN:66,(anonymous_16)
FN:69,(anonymous_17)
FN:86,(anonymous_18)
FN:92,(anonymous_19)
FN:98,(anonymous_20)
FN:101,(anonymous_21)
FN:110,(anonymous_22)
FN:116,(anonymous_23)
FN:117,(anonymous_24)
FN:118,(anonymous_25)
FN:119,(anonymous_26)
FN:120,(anonymous_27)
FN:121,(anonymous_28)
FN:122,(anonymous_29)
FN:123,(anonymous_30)
FN:124,(anonymous_31)
FN:125,(anonymous_32)
FN:128,(anonymous_33)
FN:130,(anonymous_34)
FN:133,(anonymous_35)
FN:136,(anonymous_36)
FN:140,(anonymous_37)
FN:157,(anonymous_38)
FNF:39
FNH:0
FNDA:0,(anonymous_0)
FNDA:0,(anonymous_1)
FNDA:0,(anonymous_2)
FNDA:0,(anonymous_3)
FNDA:0,(anonymous_4)
FNDA:0,(anonymous_5)
FNDA:0,(anonymous_6)
FNDA:0,(anonymous_7)
FNDA:0,(anonymous_8)
FNDA:0,(anonymous_9)
FNDA:0,(anonymous_10)
FNDA:0,(anonymous_11)
FNDA:0,(anonymous_12)
FNDA:0,(anonymous_13)
FNDA:0,(anonymous_14)
FNDA:0,(anonymous_15)
FNDA:0,(anonymous_16)
FNDA:0,(anonymous_17)
FNDA:0,(anonymous_18)
FNDA:0,(anonymous_19)
FNDA:0,(anonymous_20)
FNDA:0,(anonymous_21)
FNDA:0,(anonymous_22)
FNDA:0,(anonymous_23)
FNDA:0,(anonymous_24)
FNDA:0,(anonymous_25)
FNDA:0,(anonymous_26)
FNDA:0,(anonymous_27)
FNDA:0,(anonymous_28)
FNDA:0,(anonymous_29)
FNDA:0,(anonymous_30)
FNDA:0,(anonymous_31)
FNDA:0,(anonymous_32)
FNDA:0,(anonymous_33)
FNDA:0,(anonymous_34)
FNDA:0,(anonymous_35)
FNDA:0,(anonymous_36)
FNDA:0,(anonymous_37)
FNDA:0,(anonymous_38)
DA:8,0
DA:9,0
DA:10,0
DA:11,0
DA:12,0
DA:14,0
DA:17,0
DA:18,0
DA:58,0
DA:61,0
DA:64,0
DA:67,0
DA:70,0
DA:86,0
DA:87,0
DA:89,0
DA:92,0
DA:93,0
DA:94,0
DA:98,0
DA:101,0
DA:102,0
DA:128,0
DA:131,0
DA:134,0
DA:137,0
DA:141,0
DA:157,0
DA:158,0
DA:159,0
LF:30
LH:0
BRF:0
BRH:0
end_of_record
TN:
SF:/Users/gionagranata/WebstormProjects/prassi-app-commissioning/src/components/promoter/prassi-promoter-letter-activate.vue
FN:48,_default
FN:52,submit
FNF:2
FNH:0
FNDA:0,_default
FNDA:0,submit
DA:48,0
DA:53,0
DA:54,0
LF:3
LH:0
BRF:0
BRH:0
end_of_record
TN:
SF:/Users/gionagranata/WebstormProjects/prassi-app-commissioning/src/components/promoter/prassi-promoter-letter-base.spec.js
FN:14,(anonymous_0)
FN:17,(anonymous_1)
FN:40,(anonymous_2)
FN:44,(anonymous_3)
FN:46,(anonymous_4)
FN:49,(anonymous_5)
FN:52,(anonymous_6)
FN:60,(anonymous_7)
FN:69,(anonymous_8)
FN:75,(anonymous_9)
FN:78,(anonymous_10)
FN:89,(anonymous_11)
FN:93,(anonymous_12)
FN:95,(anonymous_13)
FN:98,(anonymous_14)
FN:101,(anonymous_15)
FN:109,(anonymous_16)
FNF:17
FNH:0
FNDA:0,(anonymous_0)
FNDA:0,(anonymous_1)
FNDA:0,(anonymous_2)
FNDA:0,(anonymous_3)
[...]
FN:60,(anonymous_6)
FN:71,(anonymous_7)
FN:77,(anonymous_8)
FN:83,(anonymous_9)
FN:89,(anonymous_10)
FN:95,(anonymous_11)
FN:99,(anonymous_12)
FN:103,(anonymous_13)
FN:107,(anonymous_14)
FN:117,(anonymous_15)
FN:127,(anonymous_16)
FN:133,(anonymous_17)
FN:139,(anonymous_18)
FN:143,(anonymous_19)
FN:144,(anonymous_20)
FN:147,(anonymous_21)
FN:148,(anonymous_22)
FN:151,(anonymous_23)
FN:152,(anonymous_24)
FN:159,(anonymous_25)
FN:165,(anonymous_26)
FN:169,(anonymous_27)
FNF:28
FNH:0
FNDA:0,(anonymous_0)
FNDA:0,(anonymous_1)
FNDA:0,(anonymous_2)
FNDA:0,(anonymous_3)
FNDA:0,(anonymous_4)
FNDA:0,(anonymous_5)
FNDA:0,(anonymous_6)
FNDA:0,(anonymous_7)
FNDA:0,(anonymous_8)
FNDA:0,(anonymous_9)
FNDA:0,(anonymous_10)
FNDA:0,(anonymous_11)
FNDA:0,(anonymous_12)
FNDA:0,(anonymous_13)
FNDA:0,(anonymous_14)
FNDA:0,(anonymous_15)
FNDA:0,(anonymous_16)
FNDA:0,(anonymous_17)
FNDA:0,(anonymous_18)
FNDA:0,(anonymous_19)
FNDA:0,(anonymous_20)
FNDA:0,(anonymous_21)
FNDA:0,(anonymous_22)
FNDA:0,(anonymous_23)
FNDA:0,(anonymous_24)
FNDA:0,(anonymous_25)
FNDA:0,(anonymous_26)
FNDA:0,(anonymous_27)
DA:3,0
DA:4,0
DA:11,0
DA:12,0
DA:19,0
DA:20,0
DA:27,0
DA:28,0
DA:29,0
DA:30,0
DA:32,0
DA:34,0
DA:38,0
DA:39,0
DA:40,0
DA:41,0
DA:43,0
DA:45,0
DA:49,0
DA:50,0
DA:51,0
DA:52,0
DA:54,0
DA:56,0
DA:60,0
DA:61,0
DA:62,0
DA:63,0
DA:65,0
DA:67,0
DA:71,0
DA:72,0
DA:73,0
DA:74,0
DA:77,0
DA:78,0
DA:79,0
DA:80,0
DA:83,0
DA:84,0
DA:85,0
DA:86,0
DA:89,0
DA:90,0
DA:91,0
DA:92,0
DA:95,0
DA:96,0
DA:99,0
DA:100,0
DA:103,0
DA:104,0
DA:107,0
DA:108,0
DA:109,0
DA:110,0
DA:111,0
DA:113,0
DA:117,0
DA:118,0
DA:119,0
DA:120,0
DA:121,0
DA:123,0
DA:127,0
DA:128,0
DA:129,0
DA:130,0
DA:133,0
DA:134,0
DA:135,0
DA:136,0
DA:139,0
DA:140,0
DA:143,0
DA:144,0
DA:147,0
DA:148,0
DA:151,0
DA:152,0
DA:153,0
DA:155,0
DA:156,0
DA:157,0
DA:158,0
DA:159,0
DA:160,0
DA:161,0
DA:165,0
DA:166,0
DA:169,0
DA:170,0
LF:92
LH:0
BRDA:28,0,0,0
BRDA:28,0,1,0
BRDA:28,1,0,0
BRDA:28,1,1,0
BRDA:39,2,0,0
BRDA:39,2,1,0
BRDA:39,3,0,0
BRDA:39,3,1,0
BRDA:50,4,0,0
BRDA:50,4,1,0
BRDA:50,5,0,0
BRDA:50,5,1,0
BRDA:61,6,0,0
BRDA:61,6,1,0
BRDA:61,7,0,0
BRDA:61,7,1,0
BRDA:108,8,0,0
BRDA:108,8,1,0
BRDA:108,9,0,0
BRDA:108,9,1,0
BRDA:111,10,0,0
BRDA:111,10,1,0
BRDA:118,11,0,0
BRDA:118,11,1,0
BRDA:118,12,0,0
BRDA:118,12,1,0
BRDA:121,13,0,0
BRDA:121,13,1,0
BRF:28
BRH:0
end_of_record
TN:
SF:/Users/gionagranata/WebstormProjects/prassi-app-commissioning/src/store/invoicing/state.js
FNF:0
FNH:0
LF:0
LH:0
BRF:0
BRH:0
end_of_record
TN:
SF:/Users/gionagranata/WebstormProjects/prassi-app-commissioning/src/store/login/actions.js
FN:3,(anonymous_0)
FN:6,(anonymous_1)
FN:13,(anonymous_2)
FN:27,(anonymous_3)
FN:55,(anonymous_4)
FN:58,(anonymous_5)
FN:65,(anonymous_6)
FN:75,(anonymous_7)
FN:92,(anonymous_8)
FNF:9
FNH:0
FNDA:0,(anonymous_0)
FNDA:0,(anonymous_1)
FNDA:0,(anonymous_2)
FNDA:0,(anonymous_3)
FNDA:0,(anonymous_4)
FNDA:0,(anonymous_5)
FNDA:0,(anonymous_6)
FNDA:0,(anonymous_7)
FNDA:0,(anonymous_8)
DA:3,0
DA:4,0
DA:6,0
DA:7,0
DA:14,0
DA:15,0
DA:16,0
DA:17,0
DA:18,0
DA:19,0
DA:20,0
DA:22,0
DA:23,0
DA:24,0
DA:28,0
DA:29,0
DA:30,0
DA:31,0
DA:36,0
DA:37,0
DA:39,0
DA:40,0
DA:42,0
DA:43,0
DA:44,0
DA:45,0
DA:47,0
DA:48,0
DA:49,0
DA:55,0
DA:56,0
DA:58,0
DA:59,0
DA:66,0
DA:67,0
DA:68,0
DA:69,0
DA:71,0
DA:72,0
DA:76,0
DA:77,0
DA:78,0
DA:79,0
DA:80,0
DA:81,0
DA:82,0
DA:84,0
DA:85,0
DA:86,0
DA:92,0
DA:93,0
LF:51
LH:0
BRDA:14,0,0,0
BRDA:14,0,1,0
BRDA:14,1,0,0
BRDA:14,1,1,0
BRDA:17,2,0,0
BRDA:17,2,1,0
BRDA:17,3,0,0
BRDA:17,3,1,0
BRDA:28,4,0,0
BRDA:28,4,1,0
BRDA:30,5,0,0
BRDA:30,5,1,0
BRDA:30,6,0,0
BRDA:30,6,1,0
BRDA:42,7,0,0
BRDA:42,7,1,0
BRDA:66,8,0,0
BRDA:66,8,1,0
BRDA:66,9,0,0
BRDA:66,9,1,0
BRDA:76,10,0,0
BRDA:76,10,1,0
BRDA:79,11,0,0
BRDA:79,11,1,0
BRF:24
BRH:0
end_of_record
TN:
SF:/Users/gionagranata/WebstormProjects/prassi-app-commissioning/src/store/login/actions.spec.js
FN:43,(anonymous_0)
FN:44,(anonymous_1)
FN:55,(anonymous_2)
FN:61,(anonymous_3)
FN:80,(anonymous_4)
FN:96,(anonymous_5)
FNF:6
FNH:0
FNDA:0,(anonymous_0)
FNDA:0,(anonymous_1)
FNDA:0,(anonymous_2)
FNDA:0,(anonymous_3)
FNDA:0,(anonymous_4)
FNDA:0,(anonymous_5)
DA:19,0
DA:21,0
DA:43,0
DA:44,0
DA:45,0
DA:46,0
DA:47,0
DA:49,0
DA:55,0
DA:56,0
DA:61,0
DA:62,0
DA:80,0
DA:81,0
DA:82,0
DA:83,0
DA:85,0
DA:93,0
DA:97,0
LF:19
LH:0
BRF:0
BRH:0
end_of_record
TN:
SF:/Users/gionagranata/WebstormProjects/prassi-app-commissioning/src/store/login/getters.js
FNF:0
FNH:0
LF:0
LH:0
BRF:0
BRH:0
end_of_record
TN:
SF:/Users/gionagranata/WebstormProjects/prassi-app-commissioning/src/store/login/index.js
FNF:0
FNH:0
LF:0
LH:0
BRF:0
BRH:0
end_of_record
TN:
SF:/Users/gionagranata/WebstormProjects/prassi-app-commissioning/src/store/login/mutations.js
FN:4,(anonymous_0)
FN:17,(anonymous_1)
FN:29,(anonymous_2)
FN:42,(anonymous_3)
FN:56,(anonymous_4)
FN:63,(anonymous_5)
FN:75,(anonymous_6)
FN:87,(anonymous_7)
FN:99,(anonymous_8)
FNF:9
FNH:0
FNDA:0,(anonymous_0)
FNDA:0,(anonymous_1)
FNDA:0,(anonymous_2)
FNDA:0,(anonymous_3)
FNDA:0,(anonymous_4)
FNDA:0,(anonymous_5)
FNDA:0,(anonymous_6)
FNDA:0,(anonymous_7)
FNDA:0,(anonymous_8)
DA:4,0
DA:5,0
DA:6,0
DA:7,0
DA:8,0
DA:9,0
DA:10,0
DA:11,0
DA:12,0
DA:13,0
DA:14,0
DA:17,0
DA:18,0
DA:19,0
DA:20,0
DA:21,0
DA:22,0
DA:23,0
DA:24,0
DA:25,0
DA:26,0
DA:29,0
DA:30,0
DA:31,0
DA:32,0
DA:33,0
DA:34,0
DA:35,0
DA:36,0
DA:37,0
DA:38,0
DA:39,0
DA:42,0
DA:43,0
DA:44,0
DA:45,0
DA:46,0
DA:47,0
DA:48,0
DA:49,0
DA:50,0
DA:51,0
DA:52,0
DA:53,0
DA:56,0
DA:57,0
DA:58,0
DA:59,0
DA:60,0
DA:63,0
DA:64,0
DA:65,0
DA:66,0
DA:67,0
DA:68,0
DA:69,0
DA:70,0
DA:71,0
DA:72,0
DA:75,0
DA:76,0
DA:77,0
DA:78,0
DA:79,0
DA:80,0
DA:81,0
DA:82,0
DA:83,0
DA:84,0
DA:87,0
DA:88,0
DA:89,0
DA:90,0
DA:91,0
DA:92,0
DA:93,0
DA:94,0
DA:95,0
DA:96,0
DA:99,0
DA:100,0
DA:101,0
DA:102,0
DA:103,0
DA:104,0
DA:105,0
DA:106,0
DA:107,0
DA:108,0
DA:109,0
LF:90
LH:0
BRDA:24,0,0,0
BRDA:24,0,1,0
BRDA:25,1,0,0
BRDA:25,1,1,0
BRDA:26,2,0,0
BRDA:26,2,1,0
BRF:6
BRH:0
end_of_record
TN:
SF:/Users/gionagranata/WebstormProjects/prassi-app-commissioning/src/store/login/mutations.spec.js
FN:13,(anonymous_0)
FN:32,(anonymous_1)
FN:51,(anonymous_2)
FN:70,(anonymous_3)
FN:89,(anonymous_4)
FN:108,(anonymous_5)
FN:128,(anonymous_6)
FN:153,(anonymous_7)
FNF:8
FNH:0
FNDA:0,(anonymous_0)
FNDA:0,(anonymous_1)
FNDA:0,(anonymous_2)
FNDA:0,(anonymous_3)
FNDA:0,(anonymous_4)
FNDA:0,(anonymous_5)
FNDA:0,(anonymous_6)
FNDA:0,(anonymous_7)
DA:13,0
DA:14,0
DA:28,0
DA:29,0
DA:32,0
DA:33,0
DA:47,0
DA:48,0
DA:51,0
DA:52,0
DA:66,0
DA:67,0
DA:70,0
DA:71,0
DA:85,0
DA:86,0
DA:89,0
DA:90,0
DA:104,0
DA:105,0
DA:108,0
DA:109,0
DA:123,0
DA:124,0
DA:125,0
DA:128,0
DA:129,0
DA:143,0
DA:149,0
DA:150,0
DA:153,0
DA:154,0
DA:168,0
DA:178,0
DA:179,0
DA:180,0
LF:36
LH:0
BRF:0
BRH:0
end_of_record
TN:
SF:/Users/gionagranata/WebstormProjects/prassi-app-commissioning/src/store/login/state.js
FNF:0
FNH:0
LF:0
LH:0
BRF:0
BRH:0
end_of_record
TN:
SF:/Users/gionagranata/WebstormProjects/prassi-app-commissioning/src/store/promoters/actions.js
FN:4,(anonymous_0)
FN:22,(anonymous_1)
FN:28,(anonymous_2)
FN:47,(anonymous_3)
FN:53,(anonymous_4)
FN:59,(anonymous_5)
FN:65,(anonymous_6)
FN:71,(anonymous_7)
FN:77,(anonymous_8)
FN:83,(anonymous_9)
FN:89,(anonymous_10)
FN:95,(anonymous_11)
FN:102,(anonymous_12)
FN:109,(anonymous_13)
FN:117,(anonymous_14)
FN:127,(anonymous_15)
FN:133,(anonymous_16)
FN:140,(anonymous_17)
FN:146,(anonymous_18)
FN:153,(anonymous_19)
FN:171,(anonymous_20)
FN:177,(anonymous_21)
FN:183,(anonymous_22)
FN:191,(anonymous_23)
FN:197,(anonymous_24)
FN:206,(anonymous_25)
FN:212,(anonymous_26)
FN:219,(anonymous_27)
FN:226,(anonymous_28)
FNF:29
FNH:0
FNDA:0,(anonymous_0)
FNDA:0,(anonymous_1)
FNDA:0,(anonymous_2)
FNDA:0,(anonymous_3)
FNDA:0,(anonymous_4)
FNDA:0,(anonymous_5)
FNDA:0,(anonymous_6)
FNDA:0,(anonymous_7)
FNDA:0,(anonymous_8)
FNDA:0,(anonymous_9)
FNDA:0,(anonymous_10)
FNDA:0,(anonymous_11)
FNDA:0,(anonymous_12)
FNDA:0,(anonymous_13)
FNDA:0,(anonymous_14)
FNDA:0,(anonymous_15)
FNDA:0,(anonymous_16)
FNDA:0,(anonymous_17)
FNDA:0,(anonymous_18)
FNDA:0,(anonymous_19)
FNDA:0,(anonymous_20)
FNDA:0,(anonymous_21)
FNDA:0,(anonymous_22)
FNDA:0,(anonymous_23)
FNDA:0,(anonymous_24)
FNDA:0,(anonymous_25)
FNDA:0,(anonymous_26)
FNDA:0,(anonymous_27)
FNDA:0,(anonymous_28)
DA:4,0
DA:5,0
DA:22,0
DA:23,0
DA:28,0
DA:29,0
DA:47,0
DA:48,0
DA:53,0
DA:54,0
DA:59,0
DA:60,0
DA:65,0
DA:66,0
DA:71,0
DA:72,0
DA:77,0
DA:78,0
DA:83,0
DA:84,0
DA:89,0
DA:90,0
DA:95,0
DA:96,0
DA:102,0
DA:103,0
DA:109,0
DA:110,0
DA:117,0
DA:122,0
DA:127,0
DA:128,0
DA:133,0
DA:134,0
DA:140,0
DA:141,0
DA:146,0
DA:147,0
DA:153,0
DA:154,0
DA:171,0
DA:172,0
DA:177,0
DA:178,0
DA:183,0
DA:184,0
DA:191,0
DA:192,0
DA:197,0
DA:201,0
DA:206,0
DA:207,0
DA:212,0
DA:213,0
DA:219,0
DA:220,0
DA:226,0
DA:227,0
LF:58
LH:0
BRDA:7,0,0,0
BRDA:7,0,1,0
BRDA:11,1,0,0
BRDA:11,1,1,0
BRDA:11,2,0,0
BRDA:11,2,1,0
BRDA:14,3,0,0
BRDA:14,3,1,0
BRDA:15,4,0,0
BRDA:15,4,1,0
BRDA:16,5,0,0
BRDA:16,5,1,0
BRDA:31,6,0,0
BRDA:31,6,1,0
BRDA:35,7,0,0
BRDA:35,7,1,0
BRDA:35,8,0,0
BRDA:35,8,1,0
BRDA:38,9,0,0
BRDA:38,9,1,0
BRDA:39,10,0,0
BRDA:39,10,1,0
BRDA:40,11,0,0
BRDA:40,11,1,0
BRDA:156,12,0,0
BRDA:156,12,1,0
BRDA:160,13,0,0
BRDA:160,13,1,0
BRDA:160,14,0,0
BRDA:160,14,1,0
BRDA:163,15,0,0
BRDA:163,15,1,0
BRDA:164,16,0,0
BRDA:164,16,1,0
BRDA:165,17,0,0
BRDA:165,17,1,0
BRF:36
BRH:0
end_of_record
TN:
SF:/Users/gionagranata/WebstormProjects/prassi-app-commissioning/src/store/promoters/actions.spec.js
FN:47,(anonymous_0)
FN:52,(anonymous_1)
FN:184,(anonymous_2)
FN:233,(anonymous_3)
FN:247,(anonymous_4)
FN:266,(anonymous_5)
FN:284,(anonymous_6)
FN:306,(anonymous_7)
FN:330,(anonymous_8)
FN:349,(anonymous_9)
FN:368,(anonymous_10)
FN:389,(anonymous_11)
FN:408,(anonymous_12)
FN:431,(anonymous_13)
FN:459,(anonymous_14)
FN:478,(anonymous_15)
FN:500,(anonymous_16)
FN:522,(anonymous_17)
FN:546,(anonymous_18)
FNF:19
FNH:0
FNDA:0,(anonymous_0)
FNDA:0,(anonymous_1)
FNDA:0,(anonymous_2)
FNDA:0,(anonymous_3)
FNDA:0,(anonymous_4)
FNDA:0,(anonymous_5)
FNDA:0,(anonymous_6)
FNDA:0,(anonymous_7)
FNDA:0,(anonymous_8)
FNDA:0,(anonymous_9)
FNDA:0,(anonymous_10)
FNDA:0,(anonymous_11)
FNDA:0,(anonymous_12)
FNDA:0,(anonymous_13)
FNDA:0,(anonymous_14)
FNDA:0,(anonymous_15)
FNDA:0,(anonymous_16)
FNDA:0,(anonymous_17)
FNDA:0,(anonymous_18)
DA:45,0
DA:47,0
DA:52,0
DA:53,0
DA:178,0
DA:179,0
DA:180,0
DA:181,0
DA:184,0
DA:185,0
DA:222,0
DA:230,0
DA:233,0
DA:234,0
DA:239,0
DA:244,0
DA:247,0
DA:248,0
DA:255,0
DA:263,0
DA:266,0
DA:267,0
DA:273,0
DA:281,0
DA:284,0
DA:285,0
DA:292,0
DA:303,0
DA:306,0
DA:307,0
DA:316,0
DA:327,0
DA:330,0
DA:331,0
DA:338,0
DA:346,0
DA:349,0
DA:350,0
DA:357,0
DA:365,0
DA:368,0
DA:369,0
DA:375,0
DA:386,0
DA:389,0
DA:390,0
DA:397,0
DA:405,0
DA:408,0
DA:409,0
DA:416,0
DA:428,0
DA:431,0
DA:432,0
DA:443,0
DA:456,0
DA:459,0
DA:460,0
DA:467,0
DA:475,0
DA:478,0
DA:479,0
DA:486,0
DA:497,0
DA:500,0
DA:501,0
DA:508,0
DA:519,0
DA:522,0
DA:523,0
DA:532,0
DA:543,0
DA:546,0
DA:547,0
DA:552,0
DA:557,0
LF:76
LH:0
BRF:0
BRH:0
end_of_record
TN:
SF:/Users/gionagranata/WebstormProjects/prassi-app-commissioning/src/store/promoters/getters.js
FNF:0
FNH:0
LF:0
LH:0
BRF:0
BRH:0
end_of_record
TN:
SF:/Users/gionagranata/WebstormProjects/prassi-app-commissioning/src/store/promoters/index.js
FNF:0
FNH:0
LF:0
LH:0
BRF:0
BRH:0
end_of_record
TN:
SF:/Users/gionagranata/WebstormProjects/prassi-app-commissioning/src/store/promoters/mutations.js
FN:5,(anonymous_0)
FN:14,(anonymous_1)
FN:18,(anonymous_2)
FN:22,(anonymous_3)
FN:26,(anonymous_4)
FN:30,(anonymous_5)
FN:47,(anonymous_6)
FN:56,(anonymous_7)
FN:60,(anonymous_8)
FN:64,(anonymous_9)
FN:68,(anonymous_10)
FN:77,(anonymous_11)
FN:83,(anonymous_12)
FN:93,(anonymous_13)
FN:99,(anonymous_14)
FN:105,(anonymous_15)
FN:111,(anonymous_16)
FN:118,(anonymous_17)
FN:125,(anonymous_18)
FN:138,(anonymous_19)
FN:142,(anonymous_20)
FN:143,(anonymous_21)
FN:146,(anonymous_22)
FN:147,(anonymous_23)
FN:153,(anonymous_24)
FN:158,(anonymous_25)
FN:162,(anonymous_26)
FN:166,(anonymous_27)
FN:171,(anonymous_28)
FN:175,(anonymous_29)
FN:179,(anonymous_30)
FN:183,(anonymous_31)
FN:187,(anonymous_32)
FN:191,(anonymous_33)
FN:197,(anonymous_34)
FN:203,(anonymous_35)
FN:210,(anonymous_36)
FN:217,(anonymous_37)
FN:233,(anonymous_38)
FN:237,(anonymous_39)
FN:241,(anonymous_40)
FNF:41
FNH:0
FNDA:0,(anonymous_0)
FNDA:0,(anonymous_1)
FNDA:0,(anonymous_2)
FNDA:0,(anonymous_3)
FNDA:0,(anonymous_4)
FNDA:0,(anonymous_5)
FNDA:0,(anonymous_6)
FNDA:0,(anonymous_7)
FNDA:0,(anonymous_8)
FNDA:0,(anonymous_9)
FNDA:0,(anonymous_10)
FNDA:0,(anonymous_11)
FNDA:0,(anonymous_12)
FNDA:0,(anonymous_13)
FNDA:0,(anonymous_14)
FNDA:0,(anonymous_15)
FNDA:0,(anonymous_16)
FNDA:0,(anonymous_17)
FNDA:0,(anonymous_18)
FNDA:0,(anonymous_19)
FNDA:0,(anonymous_20)
FNDA:0,(anonymous_21)
FNDA:0,(anonymous_22)
FNDA:0,(anonymous_23)
FNDA:0,(anonymous_24)
FNDA:0,(anonymous_25)
FNDA:0,(anonymous_26)
FNDA:0,(anonymous_27)
FNDA:0,(anonymous_28)
FNDA:0,(anonymous_29)
FNDA:0,(anonymous_30)
FNDA:0,(anonymous_31)
FNDA:0,(anonymous_32)
FNDA:0,(anonymous_33)
FNDA:0,(anonymous_34)
FNDA:0,(anonymous_35)
FNDA:0,(anonymous_36)
FNDA:0,(anonymous_37)
FNDA:0,(anonymous_38)
FNDA:0,(anonymous_39)
FNDA:0,(anonymous_40)
DA:5,0
DA:6,0
DA:7,0
DA:8,0
DA:10,0
DA:14,0
DA:15,0
DA:18,0
DA:19,0
DA:22,0
DA:23,0
DA:26,0
DA:27,0
DA:28,0
DA:30,0
DA:31,0
DA:33,0
DA:34,0
DA:39,0
DA:40,0
DA:41,0
DA:47,0
DA:48,0
DA:49,0
DA:50,0
DA:52,0
DA:56,0
DA:57,0
DA:60,0
DA:61,0
DA:64,0
DA:65,0
DA:68,0
DA:69,0
DA:70,0
DA:71,0
DA:73,0
DA:77,0
DA:78,0
DA:79,0
DA:80,0
DA:83,0
DA:84,0
DA:85,0
DA:86,0
DA:87,0
DA:89,0
DA:93,0
DA:94,0
DA:95,0
DA:96,0
DA:99,0
DA:100,0
DA:101,0
DA:102,0
DA:105,0
DA:106,0
DA:107,0
DA:108,0
DA:111,0
DA:112,0
DA:118,0
DA:119,0
DA:125,0
DA:126,0
DA:138,0
DA:139,0
DA:142,0
DA:143,0
DA:146,0
DA:147,0
DA:148,0
DA:151,0
DA:152,0
DA:153,0
DA:154,0
DA:158,0
DA:159,0
DA:162,0
DA:163,0
DA:166,0
DA:167,0
DA:168,0
DA:171,0
DA:172,0
DA:175,0
DA:176,0
DA:179,0
DA:180,0
DA:183,0
DA:184,0
DA:187,0
DA:188,0
DA:191,0
DA:192,0
DA:193,0
DA:194,0
DA:197,0
DA:198,0
DA:199,0
DA:200,0
DA:203,0
DA:204,0
DA:210,0
DA:211,0
DA:217,0
DA:218,0
DA:233,0
DA:234,0
DA:237,0
DA:238,0
DA:241,0
DA:242,0
LF:113
LH:0
BRDA:6,0,0,0
BRDA:6,0,1,0
BRDA:6,1,0,0
BRDA:6,1,1,0
BRDA:33,2,0,0
BRDA:33,2,1,0
BRDA:34,3,0,0
BRDA:34,3,1,0
BRDA:35,4,0,0
BRDA:35,4,1,0
BRDA:35,4,2,0
BRDA:48,5,0,0
BRDA:48,5,1,0
BRDA:48,6,0,0
BRDA:48,6,1,0
BRDA:69,7,0,0
BRDA:69,7,1,0
BRDA:69,8,0,0
BRDA:69,8,1,0
BRDA:84,9,0,0
BRDA:84,9,1,0
BRDA:84,10,0,0
BRDA:84,10,1,0
BRDA:87,11,0,0
BRDA:87,11,1,0
BRDA:179,12,0,0
BRDA:193,13,0,0
BRDA:193,13,1,0
BRDA:199,14,0,0
BRDA:199,14,1,0
BRF:30
BRH:0
end_of_record
TN:
SF:/Users/gionagranata/WebstormProjects/prassi-app-commissioning/src/store/promoters/mutations.spec.js
FN:21,(anonymous_0)
FN:24,(anonymous_1)
FN:104,(anonymous_2)
FN:108,(anonymous_3)
FN:113,(anonymous_4)
FN:118,(anonymous_5)
FN:123,(anonymous_6)
FN:128,(anonymous_7)
FN:133,(anonymous_8)
FN:138,(anonymous_9)
FN:143,(anonymous_10)
FN:148,(anonymous_11)
FN:153,(anonymous_12)
FN:158,(anonymous_13)
FN:163,(anonymous_14)
FN:168,(anonymous_15)
FN:173,(anonymous_16)
FN:178,(anonymous_17)
FN:183,(anonymous_18)
FNF:19
FNH:0
FNDA:0,(anonymous_0)
FNDA:0,(anonymous_1)
FNDA:0,(anonymous_2)
FNDA:0,(anonymous_3)
FNDA:0,(anonymous_4)
FNDA:0,(anonymous_5)
FNDA:0,(anonymous_6)
FNDA:0,(anonymous_7)
FNDA:0,(anonymous_8)
FNDA:0,(anonymous_9)
FNDA:0,(anonymous_10)
FNDA:0,(anonymous_11)
FNDA:0,(anonymous_12)
FNDA:0,(anonymous_13)
FNDA:0,(anonymous_14)
FNDA:0,(anonymous_15)
FNDA:0,(anonymous_16)
FNDA:0,(anonymous_17)
FNDA:0,(anonymous_18)
DA:21,0
DA:24,0
DA:25,0
DA:104,0
DA:105,0
DA:108,0
DA:109,0
DA:110,0
DA:113,0
DA:114,0
DA:115,0
DA:118,0
DA:119,0
DA:120,0
DA:123,0
DA:124,0
DA:125,0
DA:128,0
DA:129,0
DA:130,0
DA:133,0
DA:134,0
DA:135,0
DA:138,0
DA:139,0
DA:140,0
DA:143,0
DA:144,0
DA:145,0
DA:148,0
DA:149,0
DA:150,0
DA:153,0
DA:154,0
DA:155,0
DA:158,0
DA:159,0
DA:160,0
DA:163,0
DA:164,0
DA:165,0
DA:168,0
DA:169,0
DA:170,0
DA:173,0
DA:174,0
DA:175,0
DA:178,0
DA:179,0
DA:180,0
DA:183,0
DA:184,0
DA:185,0
LF:53
LH:0
BRF:0
BRH:0
end_of_record
TN:
SF:/Users/gionagranata/WebstormProjects/prassi-app-commissioning/src/store/promoters/state.js
FNF:0
FNH:0
LF:0
LH:0
BRF:0
BRH:0
end_of_record
TN:
SF:/Users/gionagranata/WebstormProjects/prassi-app-commissioning/src/store/proposals/actions.js
FN:3,(anonymous_0)
FN:9,(anonymous_1)
FN:15,(anonymous_2)
FN:21,(anonymous_3)
FNF:4
FNH:0
FNDA:0,(anonymous_0)
FNDA:0,(anonymous_1)
FNDA:0,(anonymous_2)
FNDA:0,(anonymous_3)
DA:3,0
DA:4,0
DA:9,0
DA:10,0
DA:15,0
DA:16,0
DA:21,0
DA:22,0
LF:8
LH:0
BRF:0
BRH:0
end_of_record
TN:
SF:/Users/gionagranata/WebstormProjects/prassi-app-commissioning/src/store/proposals/actions.spec.js
FN:24,(anonymous_0)
FN:29,(anonymous_1)
FN:100,(anonymous_2)
FN:119,(anonymous_3)
FN:138,(anonymous_4)
FN:169,(anonymous_5)
FNF:6
FNH:0
FNDA:0,(anonymous_0)
FNDA:0,(anonymous_1)
FNDA:0,(anonymous_2)
FNDA:0,(anonymous_3)
FNDA:0,(anonymous_4)
FNDA:0,(anonymous_5)
DA:22,0
DA:24,0
DA:29,0
DA:30,0
DA:94,0
DA:95,0
DA:96,0
DA:97,0
DA:100,0
DA:101,0
DA:108,0
DA:116,0
DA:119,0
DA:120,0
DA:127,0
DA:135,0
DA:138,0
DA:139,0
DA:146,0
DA:148,0
DA:156,0
DA:158,0
DA:166,0
DA:169,0
DA:170,0
DA:192,0
DA:200,0
LF:27
LH:0
BRF:0
BRH:0
end_of_record
TN:
SF:/Users/gionagranata/WebstormProjects/prassi-app-commissioning/src/store/proposals/getters.js
FNF:0
FNH:0
LF:0
LH:0
BRF:0
BRH:0
end_of_record
TN:
SF:/Users/gionagranata/WebstormProjects/prassi-app-commissioning/src/store/proposals/index.js
FNF:0
FNH:0
LF:0
LH:0
BRF:0
BRH:0
end_of_record
TN:
SF:/Users/gionagranata/WebstormProjects/prassi-app-commissioning/src/store/proposals/mutations.js
FN:3,(anonymous_0)
FN:25,(anonymous_1)
FN:30,(anonymous_2)
FN:35,(anonymous_3)
FN:40,(anonymous_4)
FN:45,(anonymous_5)
FN:46,(anonymous_6)
FN:59,(anonymous_7)
FN:66,(anonymous_8)
FNF:9
FNH:0
FNDA:0,(anonymous_0)
FNDA:0,(anonymous_1)
FNDA:0,(anonymous_2)
FNDA:0,(anonymous_3)
FNDA:0,(anonymous_4)
FNDA:0,(anonymous_5)
FNDA:0,(anonymous_6)
FNDA:0,(anonymous_7)
FNDA:0,(anonymous_8)
DA:3,0
DA:4,0
DA:5,0
DA:6,0
DA:9,0
DA:10,0
DA:11,0
DA:12,0
DA:13,0
DA:14,0
DA:17,0
DA:18,0
DA:19,0
DA:20,0
DA:21,0
DA:22,0
DA:25,0
DA:26,0
DA:27,0
DA:30,0
DA:31,0
DA:32,0
DA:35,0
DA:36,0
DA:37,0
DA:40,0
DA:41,0
DA:42,0
DA:45,0
DA:46,0
DA:47,0
DA:48,0
DA:49,0
DA:50,0
DA:52,0
DA:53,0
DA:59,0
DA:60,0
DA:66,0
DA:67,0
LF:40
LH:0
BRDA:47,0,0,0
BRDA:47,0,1,0
BRDA:48,1,0,0
BRDA:48,1,1,0
BRF:4
BRH:0
end_of_record
TN:
SF:/Users/gionagranata/WebstormProjects/prassi-app-commissioning/src/store/proposals/mutations.spec.js
FN:13,(anonymous_0)
FN:16,(anonymous_1)
FN:61,(anonymous_2)
FN:65,(anonymous_3)
FN:70,(anonymous_4)
FN:75,(anonymous_5)
FN:81,(anonymous_6)
FN:86,(anonymous_7)
FN:91,(anonymous_8)
FN:96,(anonymous_9)
FN:101,(anonymous_10)
FNF:11
FNH:0
FNDA:0,(anonymous_0)
FNDA:0,(anonymous_1)
FNDA:0,(anonymous_2)
FNDA:0,(anonymous_3)
FNDA:0,(anonymous_4)
FNDA:0,(anonymous_5)
FNDA:0,(anonymous_6)
FNDA:0,(anonymous_7)
FNDA:0,(anonymous_8)
FNDA:0,(anonymous_9)
FNDA:0,(anonymous_10)
DA:13,0
DA:16,0
DA:17,0
DA:61,0
DA:62,0
DA:65,0
DA:66,0
DA:67,0
DA:70,0
DA:71,0
DA:72,0
DA:75,0
DA:76,0
DA:77,0
DA:78,0
DA:81,0
DA:82,0
DA:83,0
DA:86,0
DA:87,0
DA:88,0
DA:91,0
DA:92,0
DA:93,0
DA:96,0
DA:97,0
DA:98,0
DA:101,0
DA:102,0
DA:103,0
LF:30
LH:0
BRF:0
BRH:0
end_of_record
TN:
SF:/Users/gionagranata/WebstormProjects/prassi-app-commissioning/src/store/proposals/state.js
FNF:0
FNH:0
LF:0
LH:0
BRF:0
BRH:0
end_of_record
TN:
SF:/Users/gionagranata/WebstormProjects/prassi-app-commissioning/src/store/version/actions.js
FNF:0
FNH:0
LF:0
LH:0
BRF:0
BRH:0
end_of_record
TN:
SF:/Users/gionagranata/WebstormProjects/prassi-app-commissioning/src/store/version/getters.js
FNF:0
FNH:0
LF:0
LH:0
BRF:0
BRH:0
end_of_record
TN:
SF:/Users/gionagranata/WebstormProjects/prassi-app-commissioning/src/store/version/index.js
FNF:0
FNH:0
LF:0
LH:0
BRF:0
BRH:0
end_of_record
TN:
SF:/Users/gionagranata/WebstormProjects/prassi-app-commissioning/src/store/version/mutations.js
FNF:0
FNH:0
LF:0
LH:0
BRF:0
BRH:0
end_of_record
TN:
SF:/Users/gionagranata/WebstormProjects/prassi-app-commissioning/src/store/version/state.js
FNF:0
FNH:0
LF:0
LH:0
BRF:0
BRH:0
end_of_record
